This file contains any messages produced by compilers while
running configure, to aid debugging if configure makes a mistake.

It was created by configure, which was
generated by GNU Autoconf 2.59.  Invocation command line was

  $ ./configure 

## --------- ##
## Platform. ##
## --------- ##

hostname = 126-086.wi-fi.stonybrook.edu
uname -m = i386
uname -r = 10.8.0
uname -s = Darwin
uname -v = Darwin Kernel Version 10.8.0: Tue Jun  7 16:33:36 PDT 2011; root:xnu-1504.15.3~1/RELEASE_I386

/usr/bin/uname -p = i386
/bin/uname -X     = unknown

/bin/arch              = unknown
/usr/bin/arch -k       = unknown
/usr/convex/getsysinfo = unknown
hostinfo               = Mach kernel version:
	 Darwin Kernel Version 10.8.0: Tue Jun  7 16:33:36 PDT 2011; root:xnu-1504.15.3~1/RELEASE_I386
Kernel configured for up to 2 processors.
2 processors are physically available.
2 processors are logically available.
Processor type: i486 (Intel 80486)
Processors active: 0 1
Primary memory available: 4.00 gigabytes
Default processor set: 94 tasks, 402 threads, 2 processors
Load average: 0.44, Mach factor: 1.54
/bin/machine           = unknown
/usr/bin/oslevel       = unknown
/bin/universe          = unknown

PATH: /opt/local/bin
PATH: /opt/local/sbin
PATH: /usr/bin
PATH: /bin
PATH: /usr/sbin
PATH: /sbin
PATH: /usr/local/bin
PATH: /usr/local/git/bin
PATH: /usr/X11/bin


## ----------- ##
## Core tests. ##
## ----------- ##

configure:1360: checking for gcc
configure:1376: found /usr/bin/gcc
configure:1386: result: gcc
configure:1630: checking for C compiler version
configure:1633: gcc --version </dev/null >&5
i686-apple-darwin10-gcc-4.2.1 (GCC) 4.2.1 (Apple Inc. build 5646) (dot 1)
Copyright (C) 2007 Free Software Foundation, Inc.
This is free software; see the source for copying conditions.  There is NO
warranty; not even for MERCHANTABILITY or FITNESS FOR A PARTICULAR PURPOSE.

configure:1636: $? = 0
configure:1638: gcc -v </dev/null >&5
Using built-in specs.
Target: i686-apple-darwin10
Configured with: /var/tmp/gcc/gcc-5646.1~2/src/configure --disable-checking --enable-werror --prefix=/usr --mandir=/share/man --enable-languages=c,objc,c++,obj-c++ --program-transform-name=/^[cg][^.-]*$/s/$/-4.2/ --with-slibdir=/usr/lib --build=i686-apple-darwin10 --with-gxx-include-dir=/include/c++/4.2.1 --program-prefix=i686-apple-darwin10- --host=x86_64-apple-darwin10 --target=i686-apple-darwin10
Thread model: posix
gcc version 4.2.1 (Apple Inc. build 5646) (dot 1)
configure:1641: $? = 0
configure:1643: gcc -V </dev/null >&5
gcc-4.2: argument to `-V' is missing
configure:1646: $? = 1
configure:1669: checking for C compiler default output file name
configure:1672: gcc    conftest.c  >&5
configure:1675: $? = 0
configure:1721: result: a.out
configure:1726: checking whether the C compiler works
configure:1732: ./a.out
configure:1735: $? = 0
configure:1752: result: yes
configure:1759: checking whether we are cross compiling
configure:1761: result: no
configure:1764: checking for suffix of executables
configure:1766: gcc -o conftest    conftest.c  >&5
configure:1769: $? = 0
configure:1794: result: 
configure:1800: checking for suffix of object files
configure:1821: gcc -c   conftest.c >&5
configure:1824: $? = 0
configure:1846: result: o
configure:1850: checking whether we are using the GNU C compiler
configure:1874: gcc -c   conftest.c >&5
configure:1880: $? = 0
configure:1884: test -z 
			 || test ! -s conftest.err
configure:1887: $? = 0
configure:1890: test -s conftest.o
configure:1893: $? = 0
configure:1906: result: yes
configure:1912: checking whether gcc accepts -g
configure:1933: gcc -c -g  conftest.c >&5
configure:1939: $? = 0
configure:1943: test -z 
			 || test ! -s conftest.err
configure:1946: $? = 0
configure:1949: test -s conftest.o
configure:1952: $? = 0
configure:1963: result: yes
configure:1980: checking for gcc option to accept ANSI C
configure:2050: gcc  -c -g -O2  conftest.c >&5
configure:2056: $? = 0
configure:2060: test -z 
			 || test ! -s conftest.err
configure:2063: $? = 0
configure:2066: test -s conftest.o
configure:2069: $? = 0
configure:2087: result: none needed
configure:2105: gcc -c -g -O2  conftest.c >&5
conftest.c:2: error: expected '=', ',', ';', 'asm' or '__attribute__' before 'me'
configure:2111: $? = 1
configure: failed program was:
| #ifndef __cplusplus
|   choke me
| #endif
configure:2249: checking how to run the C preprocessor
configure:2284: gcc -E  conftest.c
configure:2290: $? = 0
configure:2322: gcc -E  conftest.c
conftest.c:9:28: error: ac_nonexistent.h: No such file or directory
configure:2328: $? = 1
configure: failed program was:
| /* confdefs.h.  */
| 
| #define PACKAGE_NAME ""
| #define PACKAGE_TARNAME ""
| #define PACKAGE_VERSION ""
| #define PACKAGE_STRING ""
| #define PACKAGE_BUGREPORT ""
| /* end confdefs.h.  */
| #include <ac_nonexistent.h>
configure:2367: result: gcc -E
configure:2391: gcc -E  conftest.c
configure:2397: $? = 0
configure:2429: gcc -E  conftest.c
conftest.c:9:28: error: ac_nonexistent.h: No such file or directory
configure:2435: $? = 1
configure: failed program was:
| /* confdefs.h.  */
| 
| #define PACKAGE_NAME ""
| #define PACKAGE_TARNAME ""
| #define PACKAGE_VERSION ""
| #define PACKAGE_STRING ""
| #define PACKAGE_BUGREPORT ""
| /* end confdefs.h.  */
| #include <ac_nonexistent.h>
configure:2530: checking for g++
configure:2546: found /usr/bin/g++
configure:2556: result: g++
configure:2572: checking for C++ compiler version
configure:2575: g++ --version </dev/null >&5
i686-apple-darwin10-g++-4.2.1 (GCC) 4.2.1 (Apple Inc. build 5646) (dot 1)
Copyright (C) 2007 Free Software Foundation, Inc.
This is free software; see the source for copying conditions.  There is NO
warranty; not even for MERCHANTABILITY or FITNESS FOR A PARTICULAR PURPOSE.

configure:2578: $? = 0
configure:2580: g++ -v </dev/null >&5
Using built-in specs.
Target: i686-apple-darwin10
Configured with: /var/tmp/gcc/gcc-5646.1~2/src/configure --disable-checking --enable-werror --prefix=/usr --mandir=/share/man --enable-languages=c,objc,c++,obj-c++ --program-transform-name=/^[cg][^.-]*$/s/$/-4.2/ --with-slibdir=/usr/lib --build=i686-apple-darwin10 --with-gxx-include-dir=/include/c++/4.2.1 --program-prefix=i686-apple-darwin10- --host=x86_64-apple-darwin10 --target=i686-apple-darwin10
Thread model: posix
gcc version 4.2.1 (Apple Inc. build 5646) (dot 1)
configure:2583: $? = 0
configure:2585: g++ -V </dev/null >&5
g++-4.2: argument to `-V' is missing
configure:2588: $? = 1
configure:2591: checking whether we are using the GNU C++ compiler
configure:2615: g++ -c   conftest.cc >&5
configure:2621: $? = 0
configure:2625: test -z 
			 || test ! -s conftest.err
configure:2628: $? = 0
configure:2631: test -s conftest.o
configure:2634: $? = 0
configure:2647: result: yes
configure:2653: checking whether g++ accepts -g
configure:2674: g++ -c -g  conftest.cc >&5
configure:2680: $? = 0
configure:2684: test -z 
			 || test ! -s conftest.err
configure:2687: $? = 0
configure:2690: test -s conftest.o
configure:2693: $? = 0
configure:2704: result: yes
configure:2746: g++ -c -g -O2  conftest.cc >&5
configure:2752: $? = 0
configure:2756: test -z 
			 || test ! -s conftest.err
configure:2759: $? = 0
configure:2762: test -s conftest.o
configure:2765: $? = 0
configure:2791: g++ -c -g -O2  conftest.cc >&5
conftest.cc: In function 'int main()':
conftest.cc:13: error: 'exit' was not declared in this scope
configure:2797: $? = 1
configure: failed program was:
| /* confdefs.h.  */
| 
| #define PACKAGE_NAME ""
| #define PACKAGE_TARNAME ""
| #define PACKAGE_VERSION ""
| #define PACKAGE_STRING ""
| #define PACKAGE_BUGREPORT ""
| /* end confdefs.h.  */
| 
| int
| main ()
| {
| exit (42);
|   ;
|   return 0;
| }
configure:2746: g++ -c -g -O2  conftest.cc >&5
conftest.cc:9: error: 'void std::exit(int)' should have been declared inside 'std'
In file included from conftest.cc:10:
/usr/include/stdlib.h:159: error: declaration of 'void std::exit(int)' throws different exceptions
conftest.cc:9: error: from previous declaration 'void std::exit(int) throw ()'
configure:2752: $? = 1
configure: failed program was:
| /* confdefs.h.  */
| 
| #define PACKAGE_NAME ""
| #define PACKAGE_TARNAME ""
| #define PACKAGE_VERSION ""
| #define PACKAGE_STRING ""
| #define PACKAGE_BUGREPORT ""
| /* end confdefs.h.  */
| extern "C" void std::exit (int) throw (); using std::exit;
| #include <stdlib.h>
| int
| main ()
| {
| exit (42);
|   ;
|   return 0;
| }
configure:2746: g++ -c -g -O2  conftest.cc >&5
conftest.cc:9: error: 'void std::exit(int)' should have been declared inside 'std'
configure:2752: $? = 1
configure: failed program was:
| /* confdefs.h.  */
| 
| #define PACKAGE_NAME ""
| #define PACKAGE_TARNAME ""
| #define PACKAGE_VERSION ""
| #define PACKAGE_STRING ""
| #define PACKAGE_BUGREPORT ""
| /* end confdefs.h.  */
| extern "C" void std::exit (int); using std::exit;
| #include <stdlib.h>
| int
| main ()
| {
| exit (42);
|   ;
|   return 0;
| }
configure:2746: g++ -c -g -O2  conftest.cc >&5
In file included from conftest.cc:10:
/usr/include/stdlib.h:159: error: declaration of 'void exit(int)' throws different exceptions
conftest.cc:9: error: from previous declaration 'void exit(int) throw ()'
configure:2752: $? = 1
configure: failed program was:
| /* confdefs.h.  */
| 
| #define PACKAGE_NAME ""
| #define PACKAGE_TARNAME ""
| #define PACKAGE_VERSION ""
| #define PACKAGE_STRING ""
| #define PACKAGE_BUGREPORT ""
| /* end confdefs.h.  */
| extern "C" void exit (int) throw ();
| #include <stdlib.h>
| int
| main ()
| {
| exit (42);
|   ;
|   return 0;
| }
configure:2746: g++ -c -g -O2  conftest.cc >&5
configure:2752: $? = 0
configure:2756: test -z 
			 || test ! -s conftest.err
configure:2759: $? = 0
configure:2762: test -s conftest.o
configure:2765: $? = 0
configure:2791: g++ -c -g -O2  conftest.cc >&5
configure:2797: $? = 0
configure:2801: test -z 
			 || test ! -s conftest.err
configure:2804: $? = 0
configure:2807: test -s conftest.o
configure:2810: $? = 0
configure:2838: checking how to run the C++ preprocessor
configure:2869: g++ -E  conftest.cc
configure:2875: $? = 0
configure:2907: g++ -E  conftest.cc
conftest.cc:12:28: error: ac_nonexistent.h: No such file or directory
configure:2913: $? = 1
configure: failed program was:
| /* confdefs.h.  */
| 
| #define PACKAGE_NAME ""
| #define PACKAGE_TARNAME ""
| #define PACKAGE_VERSION ""
| #define PACKAGE_STRING ""
| #define PACKAGE_BUGREPORT ""
| #ifdef __cplusplus
| extern "C" void exit (int);
| #endif
| /* end confdefs.h.  */
| #include <ac_nonexistent.h>
configure:2952: result: g++ -E
configure:2976: g++ -E  conftest.cc
configure:2982: $? = 0
configure:3014: g++ -E  conftest.cc
conftest.cc:12:28: error: ac_nonexistent.h: No such file or directory
configure:3020: $? = 1
configure: failed program was:
| /* confdefs.h.  */
| 
| #define PACKAGE_NAME ""
| #define PACKAGE_TARNAME ""
| #define PACKAGE_VERSION ""
| #define PACKAGE_STRING ""
| #define PACKAGE_BUGREPORT ""
| #ifdef __cplusplus
| extern "C" void exit (int);
| #endif
| /* end confdefs.h.  */
| #include <ac_nonexistent.h>
configure:3104: checking for ranlib
configure:3120: found /usr/bin/ranlib
configure:3131: result: ranlib
configure:3144: checking for OSF/1...
configure:3148: checking for egrep
configure:3158: result: grep -E
configure:3181: result: not detected.
configure:3199: checking for mmap
configure:3256: gcc -o conftest -g -O2   conftest.c  >&5
configure:3262: $? = 0
configure:3266: test -z 
			 || test ! -s conftest.err
configure:3269: $? = 0
configure:3272: test -s conftest
configure:3275: $? = 0
configure:3287: result: yes
configure:3199: checking for getrusage
configure:3256: gcc -o conftest -g -O2   conftest.c  >&5
configure:3262: $? = 0
configure:3266: test -z 
			 || test ! -s conftest.err
configure:3269: $? = 0
configure:3272: test -s conftest
configure:3275: $? = 0
configure:3287: result: yes
configure:3298: checking for aioread in -laio
configure:3328: gcc -o conftest -g -O2   conftest.c -laio   >&5
ld: library not found for -laio
collect2: ld returned 1 exit status
configure:3334: $? = 1
configure: failed program was:
| /* confdefs.h.  */
| 
| #define PACKAGE_NAME ""
| #define PACKAGE_TARNAME ""
| #define PACKAGE_VERSION ""
| #define PACKAGE_STRING ""
| #define PACKAGE_BUGREPORT ""
| #ifdef __cplusplus
| extern "C" void exit (int);
| #endif
| #define HAVE_MMAP 1
| #define HAVE_GETRUSAGE 1
| /* end confdefs.h.  */
| 
| /* Override any gcc2 internal prototype to avoid an error.  */
| #ifdef __cplusplus
| extern "C"
| #endif
| /* We use char because int might match the return type of a gcc2
|    builtin and then its argument prototype would still apply.  */
| char aioread ();
| int
| main ()
| {
| aioread ();
|   ;
|   return 0;
| }
configure:3360: result: no
configure:3379: checking for ANSI C header files
configure:3404: g++ -c -g -O2  conftest.cc >&5
configure:3410: $? = 0
configure:3414: test -z 
			 || test ! -s conftest.err
configure:3417: $? = 0
configure:3420: test -s conftest.o
configure:3423: $? = 0
configure:3512: g++ -o conftest -g -O2   conftest.cc  >&5
configure:3515: $? = 0
configure:3517: ./conftest
configure:3520: $? = 0
configure:3535: result: yes
configure:3559: checking for sys/types.h
configure:3575: g++ -c -g -O2  conftest.cc >&5
configure:3581: $? = 0
configure:3585: test -z 
			 || test ! -s conftest.err
configure:3588: $? = 0
configure:3591: test -s conftest.o
configure:3594: $? = 0
configure:3605: result: yes
configure:3559: checking for sys/stat.h
configure:3575: g++ -c -g -O2  conftest.cc >&5
configure:3581: $? = 0
configure:3585: test -z 
			 || test ! -s conftest.err
configure:3588: $? = 0
configure:3591: test -s conftest.o
configure:3594: $? = 0
configure:3605: result: yes
configure:3559: checking for stdlib.h
configure:3575: g++ -c -g -O2  conftest.cc >&5
configure:3581: $? = 0
configure:3585: test -z 
			 || test ! -s conftest.err
configure:3588: $? = 0
configure:3591: test -s conftest.o
configure:3594: $? = 0
configure:3605: result: yes
configure:3559: checking for string.h
configure:3575: g++ -c -g -O2  conftest.cc >&5
configure:3581: $? = 0
configure:3585: test -z 
			 || test ! -s conftest.err
configure:3588: $? = 0
configure:3591: test -s conftest.o
configure:3594: $? = 0
configure:3605: result: yes
configure:3559: checking for memory.h
configure:3575: g++ -c -g -O2  conftest.cc >&5
configure:3581: $? = 0
configure:3585: test -z 
			 || test ! -s conftest.err
configure:3588: $? = 0
configure:3591: test -s conftest.o
configure:3594: $? = 0
configure:3605: result: yes
configure:3559: checking for strings.h
configure:3575: g++ -c -g -O2  conftest.cc >&5
configure:3581: $? = 0
configure:3585: test -z 
			 || test ! -s conftest.err
configure:3588: $? = 0
configure:3591: test -s conftest.o
configure:3594: $? = 0
configure:3605: result: yes
configure:3559: checking for inttypes.h
configure:3575: g++ -c -g -O2  conftest.cc >&5
configure:3581: $? = 0
configure:3585: test -z 
			 || test ! -s conftest.err
configure:3588: $? = 0
configure:3591: test -s conftest.o
configure:3594: $? = 0
configure:3605: result: yes
configure:3559: checking for stdint.h
configure:3575: g++ -c -g -O2  conftest.cc >&5
configure:3581: $? = 0
configure:3585: test -z 
			 || test ! -s conftest.err
configure:3588: $? = 0
configure:3591: test -s conftest.o
configure:3594: $? = 0
configure:3605: result: yes
configure:3559: checking for unistd.h
configure:3575: g++ -c -g -O2  conftest.cc >&5
configure:3581: $? = 0
configure:3585: test -z 
			 || test ! -s conftest.err
configure:3588: $? = 0
configure:3591: test -s conftest.o
configure:3594: $? = 0
configure:3605: result: yes
configure:3625: checking for strings.h
configure:3630: result: yes
configure:3625: checking for string.h
configure:3630: result: yes
configure:3625: checking for unistd.h
configure:3630: result: yes
configure:3634: checking sys/unistd.h usability
configure:3646: g++ -c -g -O2  conftest.cc >&5
configure:3652: $? = 0
configure:3656: test -z 
			 || test ! -s conftest.err
configure:3659: $? = 0
configure:3662: test -s conftest.o
configure:3665: $? = 0
configure:3675: result: yes
configure:3679: checking sys/unistd.h presence
configure:3689: g++ -E  conftest.cc
configure:3695: $? = 0
configure:3715: result: yes
configure:3750: checking for sys/unistd.h
configure:3757: result: yes
configure:3771: checking for mmap() prototype in sys/mman.h...
configure:3791: checking for munmap() prototype in sys/mman.h...
configure:3811: checking for ftruncate() prototype in unistd.h...
configure:3831: checking for ftruncate() prototype in sys/types.h...
configure:3853: checking whether to enable expansion of ami_scan.h......
configure:3954: result: "disabled."
configure:3959: checking whether to enable assertions......
configure:3971: result: app assertions enabled.
configure:3984: result: lib assertions enabled.
configure:3987: checking whether to enable logs......
configure:3999: result: app logging enabled.
configure:4012: result: lib logging enabled.
configure:4111: creating ./config.status

## ---------------------- ##
## Running config.status. ##
## ---------------------- ##

This file was extended by config.status, which was
generated by GNU Autoconf 2.59.  Invocation command line was

  CONFIG_FILES    = 
  CONFIG_HEADERS  = 
  CONFIG_LINKS    = 
  CONFIG_COMMANDS = 
  $ ./config.status 

on 126-086.wi-fi.stonybrook.edu

config.status:663: creating Makefile
config.status:663: creating test/Makefile
config.status:663: creating include/Makefile
config.status:663: creating lib/Makefile
config.status:663: creating lib/src/Makefile
config.status:663: creating apps/bkdtree/Makefile
config.status:663: creating apps/convex_hull/Makefile
config.status:663: creating apps/list_rank/Makefile
config.status:663: creating apps/nas_benchmarks/Makefile
config.status:663: creating apps/spatial_join/Makefile
config.status:663: creating apps/visualize_btree/Makefile
config.status:663: creating apps/rtree/Makefile
config.status:766: creating include/config.h

## ---------------- ##
## Cache variables. ##
## ---------------- ##

ac_cv_c_compiler_gnu=yes
ac_cv_cxx_compiler_gnu=yes
ac_cv_env_CC_set=
ac_cv_env_CC_value=
ac_cv_env_CFLAGS_set=
ac_cv_env_CFLAGS_value=
ac_cv_env_CPPFLAGS_set=
ac_cv_env_CPPFLAGS_value=
ac_cv_env_CPP_set=
ac_cv_env_CPP_value=
ac_cv_env_CXXCPP_set=
ac_cv_env_CXXCPP_value=
ac_cv_env_CXXFLAGS_set=
ac_cv_env_CXXFLAGS_value=
ac_cv_env_CXX_set=
ac_cv_env_CXX_value=
ac_cv_env_LDFLAGS_set=
ac_cv_env_LDFLAGS_value=
ac_cv_env_build_alias_set=
ac_cv_env_build_alias_value=
ac_cv_env_host_alias_set=
ac_cv_env_host_alias_value=
ac_cv_env_target_alias_set=
ac_cv_env_target_alias_value=
ac_cv_exeext=
ac_cv_func_getrusage=yes
ac_cv_func_mmap=yes
ac_cv_header_inttypes_h=yes
ac_cv_header_memory_h=yes
ac_cv_header_stdc=yes
ac_cv_header_stdint_h=yes
ac_cv_header_stdlib_h=yes
ac_cv_header_string_h=yes
ac_cv_header_strings_h=yes
ac_cv_header_sys_stat_h=yes
ac_cv_header_sys_types_h=yes
ac_cv_header_sys_unistd_h=yes
ac_cv_header_unistd_h=yes
ac_cv_lib_aio_aioread=no
ac_cv_objext=o
ac_cv_prog_CPP='gcc -E'
ac_cv_prog_CXXCPP='g++ -E'
ac_cv_prog_ac_ct_CC=gcc
ac_cv_prog_ac_ct_CXX=g++
ac_cv_prog_ac_ct_RANLIB=ranlib
ac_cv_prog_cc_g=yes
ac_cv_prog_cc_stdc=
ac_cv_prog_cxx_g=yes
ac_cv_prog_egrep='grep -E'

## ----------------- ##
## Output variables. ##
## ----------------- ##

CC='gcc'
CFLAGS='-g -O2'
CPP='gcc -E'
CPPFLAGS=''
CXX='g++'
CXXCPP='g++ -E'
CXXFLAGS='-g -O2'
DEFS='-DHAVE_CONFIG_H'
ECHO_C='ECHO_N=''
ECHO_T=''
EGREP='grep -E'
EXEEXT=''
EXPAND_AMI_SCAN_H='no'
INDENT=' '
INDENTFLAGS=' '
LDFLAGS=''
LIBOBJS=''
LIBS=''
LTLIBOBJS=''
OBJEXT='o'
OSF1='0'
PACKAGE_BUGREPORT=''
PACKAGE_NAME=''
PACKAGE_STRING=''
PACKAGE_TARNAME=''
PACKAGE_VERSION=''
PATH_SEPARATOR=':'
PERL=''
RANLIB='ranlib'
SHELL='/bin/sh'
ac_ct_CC='gcc'
ac_ct_CXX='g++'
ac_ct_RANLIB='ranlib'
bindir='${exec_prefix}/bin'
build_alias=''
datadir='${prefix}/share'
exec_prefix='${prefix}'
host_alias=''
includedir='${prefix}/include'
infodir='${prefix}/info'
libdir='${exec_prefix}/lib'
libexecdir='${exec_prefix}/libexec'
localstatedir='${prefix}/var'
mandir='${prefix}/man'
oldincludedir='/usr/include'
prefix='/usr/local'
program_transform_name='s,x,x,'
sbindir='${exec_prefix}/sbin'
sharedstatedir='${prefix}/com'
sysconfdir='${prefix}/etc'
target_alias=''

## ----------- ##
## confdefs.h. ##
## ----------- ##

#define HAVE_GETRUSAGE 1
#define HAVE_INTTYPES_H 1
#define HAVE_MEMORY_H 1
#define HAVE_MMAP 1
#define HAVE_PROTOTYPE_FTRUNCATE 1
#define HAVE_PROTOTYPE_MMAP 1
#define HAVE_PROTOTYPE_MUNMAP 1
#define HAVE_STDINT_H 1
#define HAVE_STDLIB_H 1
#define HAVE_STRINGS_H 1
#define HAVE_STRINGS_H 1
#define HAVE_STRING_H 1
#define HAVE_STRING_H 1
#define HAVE_SYS_STAT_H 1
#define HAVE_SYS_TYPES_H 1
#define HAVE_SYS_UNISTD_H 1
#define HAVE_UNISTD_H 1
#define HAVE_UNISTD_H 1
#define PACKAGE_BUGREPORT ""
#define PACKAGE_NAME ""
#define PACKAGE_STRING ""
#define PACKAGE_TARNAME ""
#define PACKAGE_VERSION ""
#define STDC_HEADERS 1
#endif
#ifdef __cplusplus
extern "C" void exit (int);

configure: exit 0
