This file contains any messages produced by compilers while
running configure, to aid debugging if configure makes a mistake.

It was created by qdbm configure 1.8.78, which was
generated by GNU Autoconf 2.65.  Invocation command line was

  $ ./configure 

## --------- ##
## Platform. ##
## --------- ##

hostname = KKMBP.local
uname -m = i386
uname -r = 10.8.0
uname -s = Darwin
uname -v = Darwin Kernel Version 10.8.0: Tue Jun  7 16:33:36 PDT 2011; root:xnu-1504.15.3~1/RELEASE_I386

/usr/bin/uname -p = i386
/bin/uname -X     = unknown

/bin/arch              = unknown
/usr/bin/arch -k       = unknown
/usr/convex/getsysinfo = unknown
/usr/bin/hostinfo      = Mach kernel version:
	 Darwin Kernel Version 10.8.0: Tue Jun  7 16:33:36 PDT 2011; root:xnu-1504.15.3~1/RELEASE_I386
Kernel configured for up to 2 processors.
2 processors are physically available.
2 processors are logically available.
Processor type: i486 (Intel 80486)
Processors active: 0 1
Primary memory available: 4.00 gigabytes
Default processor set: 118 tasks, 502 threads, 2 processors
Load average: 1.51, Mach factor: 0.91
/bin/machine           = unknown
/usr/bin/oslevel       = unknown
/bin/universe          = unknown

PATH: /opt/local/bin
PATH: /opt/local/sbin
PATH: /usr/bin
PATH: /bin
PATH: /usr/sbin
PATH: /sbin
PATH: /usr/local/bin
PATH: /usr/local/git/bin
PATH: /usr/local/MacGPG2/bin
PATH: /usr/X11/bin


## ----------- ##
## Core tests. ##
## ----------- ##

configure:2014: checking for gcc
configure:2030: found /usr/bin/gcc
configure:2041: result: gcc
configure:2270: checking for C compiler version
configure:2279: gcc --version >&5
i686-apple-darwin10-gcc-4.2.1 (GCC) 4.2.1 (Apple Inc. build 5666) (dot 3)
Copyright (C) 2007 Free Software Foundation, Inc.
This is free software; see the source for copying conditions.  There is NO
warranty; not even for MERCHANTABILITY or FITNESS FOR A PARTICULAR PURPOSE.

configure:2290: $? = 0
configure:2279: gcc -v >&5
Using built-in specs.
Target: i686-apple-darwin10
Configured with: /var/tmp/gcc/gcc-5666.3~6/src/configure --disable-checking --enable-werror --prefix=/usr --mandir=/share/man --enable-languages=c,objc,c++,obj-c++ --program-transform-name=/^[cg][^.-]*$/s/$/-4.2/ --with-slibdir=/usr/lib --build=i686-apple-darwin10 --program-prefix=i686-apple-darwin10- --host=x86_64-apple-darwin10 --target=i686-apple-darwin10 --with-gxx-include-dir=/include/c++/4.2.1
Thread model: posix
gcc version 4.2.1 (Apple Inc. build 5666) (dot 3)
configure:2290: $? = 0
configure:2279: gcc -V >&5
gcc-4.2: argument to `-V' is missing
configure:2290: $? = 1
configure:2279: gcc -qversion >&5
i686-apple-darwin10-gcc-4.2.1: no input files
configure:2290: $? = 1
configure:2310: checking whether the C compiler works
configure:2332: gcc    conftest.c  >&5
configure:2336: $? = 0
configure:2385: result: yes
configure:2388: checking for C compiler default output file name
configure:2390: result: a.out
configure:2396: checking for suffix of executables
configure:2403: gcc -o conftest    conftest.c  >&5
configure:2407: $? = 0
configure:2429: result: 
configure:2451: checking whether we are cross compiling
configure:2459: gcc -o conftest    conftest.c  >&5
configure:2463: $? = 0
configure:2470: ./conftest
configure:2474: $? = 0
configure:2489: result: no
configure:2494: checking for suffix of object files
configure:2516: gcc -c   conftest.c >&5
configure:2520: $? = 0
configure:2541: result: o
configure:2545: checking whether we are using the GNU C compiler
configure:2564: gcc -c   conftest.c >&5
configure:2564: $? = 0
configure:2573: result: yes
configure:2582: checking whether gcc accepts -g
configure:2602: gcc -c -g  conftest.c >&5
configure:2602: $? = 0
configure:2643: result: yes
configure:2660: checking for gcc option to accept ISO C89
configure:2724: gcc  -c -g -O2  conftest.c >&5
configure:2724: $? = 0
configure:2737: result: none needed
configure:2825: checking for main in -lc
configure:2844: gcc -o conftest -g -O2   conftest.c -lc   >&5
configure:2844: $? = 0
configure:2853: result: yes
configure:3093: checking for main in -lqdbm
configure:3112: gcc -o conftest -g -O2   conftest.c -lqdbm  -lc  >&5
ld: library not found for -lqdbm
collect2: ld returned 1 exit status
configure:3112: $? = 1
configure: failed program was:
| /* confdefs.h */
| #define PACKAGE_NAME "qdbm"
| #define PACKAGE_TARNAME "qdbm"
| #define PACKAGE_VERSION "1.8.78"
| #define PACKAGE_STRING "qdbm 1.8.78"
| #define PACKAGE_BUGREPORT ""
| #define PACKAGE_URL ""
| #define HAVE_LIBC 1
| /* end confdefs.h.  */
| 
| 
| int
| main ()
| {
| return main ();
|   ;
|   return 0;
| }
configure:3121: result: no
configure:3294: creating ./config.status

## ---------------------- ##
## Running config.status. ##
## ---------------------- ##

This file was extended by qdbm config.status 1.8.78, which was
generated by GNU Autoconf 2.65.  Invocation command line was

  CONFIG_FILES    = 
  CONFIG_HEADERS  = 
  CONFIG_LINKS    = 
  CONFIG_COMMANDS = 
  $ ./config.status 

on KKMBP.local

config.status:733: creating Makefile
config.status:832: WARNING:  'Makefile.in' seems to ignore the --datarootdir setting
config.status:733: creating LTmakefile
config.status:832: WARNING:  'LTmakefile.in' seems to ignore the --datarootdir setting
config.status:733: creating qdbm.spec
config.status:733: creating qdbm.pc
config.status:832: WARNING:  'qdbm.pc.in' seems to ignore the --datarootdir setting

## ---------------- ##
## Cache variables. ##
## ---------------- ##

ac_cv_c_compiler_gnu=yes
ac_cv_env_CC_set=
ac_cv_env_CC_value=
ac_cv_env_CFLAGS_set=
ac_cv_env_CFLAGS_value=
ac_cv_env_CPPFLAGS_set=
ac_cv_env_CPPFLAGS_value=
ac_cv_env_LDFLAGS_set=
ac_cv_env_LDFLAGS_value=
ac_cv_env_LIBS_set=
ac_cv_env_LIBS_value=
ac_cv_env_build_alias_set=
ac_cv_env_build_alias_value=
ac_cv_env_host_alias_set=
ac_cv_env_host_alias_value=
ac_cv_env_target_alias_set=
ac_cv_env_target_alias_value=
ac_cv_lib_c_main=yes
ac_cv_lib_qdbm_main=no
ac_cv_objext=o
ac_cv_prog_ac_ct_CC=gcc
ac_cv_prog_cc_c89=
ac_cv_prog_cc_g=yes

## ----------------- ##
## Output variables. ##
## ----------------- ##

AR='/usr/bin/ar'
CC='gcc'
CFLAGS='-g -O2'
CPPFLAGS=''
DEFS='-DPACKAGE_NAME=\"qdbm\" -DPACKAGE_TARNAME=\"qdbm\" -DPACKAGE_VERSION=\"1.8.78\" -DPACKAGE_STRING=\"qdbm\ 1.8.78\" -DPACKAGE_BUGREPORT=\"\" -DPACKAGE_URL=\"\" -DHAVE_LIBC=1'
ECHO_C='\c'
ECHO_N=''
ECHO_T=''
EXEEXT=''
LD='/usr/bin/ld'
LDFLAGS=''
LIBOBJS=''
LIBREV='14'
LIBS='-lc '
LIBVER='14'
LTLIBOBJS=''
MGWLIBS=''
MYDEFS=''
MYOPTS=''
OBJEXT='o'
PACKAGE_BUGREPORT=''
PACKAGE_NAME='qdbm'
PACKAGE_STRING='qdbm 1.8.78'
PACKAGE_TARNAME='qdbm'
PACKAGE_URL=''
PACKAGE_VERSION='1.8.78'
PATH_SEPARATOR=':'
SHELL='/bin/sh'
TARGETS='all'
ac_ct_CC='gcc'
bindir='${exec_prefix}/bin'
build_alias=''
datadir='${datarootdir}'
datarootdir='${prefix}/share'
docdir='${datarootdir}/doc/${PACKAGE_TARNAME}'
dvidir='${docdir}'
exec_prefix='${prefix}'
host_alias=''
htmldir='${docdir}'
includedir='${prefix}/include'
infodir='${datarootdir}/info'
libdir='${exec_prefix}/lib'
libexecdir='${exec_prefix}/libexec'
localedir='${datarootdir}/locale'
localstatedir='${prefix}/var'
mandir='${datarootdir}/man'
oldincludedir='/usr/include'
pdfdir='${docdir}'
prefix='/usr/local'
program_transform_name='s,x,x,'
psdir='${docdir}'
sbindir='${exec_prefix}/sbin'
sharedstatedir='${prefix}/com'
sysconfdir='${prefix}/etc'
target_alias=''

## ----------- ##
## confdefs.h. ##
## ----------- ##

/* confdefs.h */
#define PACKAGE_NAME "qdbm"
#define PACKAGE_TARNAME "qdbm"
#define PACKAGE_VERSION "1.8.78"
#define PACKAGE_STRING "qdbm 1.8.78"
#define PACKAGE_BUGREPORT ""
#define PACKAGE_URL ""
#define HAVE_LIBC 1

configure: exit 0
