This file contains any messages produced by compilers while
running configure, to aid debugging if configure makes a mistake.

It was created by configure, which was
generated by GNU Autoconf 2.68.  Invocation command line was

  $ ./configure 

## --------- ##
## Platform. ##
## --------- ##

hostname = ken-desktop
uname -m = x86_64
uname -r = 3.2.0-24-generic
uname -s = Linux
uname -v = #37-Ubuntu SMP Wed Apr 25 08:43:22 UTC 2012

/usr/bin/uname -p = unknown
/bin/uname -X     = unknown

/bin/arch              = unknown
/usr/bin/arch -k       = unknown
/usr/convex/getsysinfo = unknown
/usr/bin/hostinfo      = unknown
/bin/machine           = unknown
/usr/bin/oslevel       = unknown
/bin/universe          = unknown

PATH: /usr/lib/lightdm/lightdm
PATH: /usr/local/sbin
PATH: /usr/local/bin
PATH: /usr/sbin
PATH: /usr/bin
PATH: /sbin
PATH: /bin
PATH: /usr/games


## ----------- ##
## Core tests. ##
## ----------- ##

configure:3198: checking build system type
configure:3212: result: x86_64-unknown-linux-gnu
configure:3232: checking host system type
configure:3245: result: x86_64-unknown-linux-gnu
configure:3283: checking host system type... x86_64-unknown-linux-gnu
configure:3382: checking /home/ken/research/qdbm/XSB/lib
configure:3384: result: OK
configure:3389: checking /home/ken/research/qdbm/XSB/syslib
configure:3391: result: OK
configure:3396: checking /home/ken/research/qdbm/XSB/cmplib
configure:3398: result: OK
configure:3409: checking /home/ken/research/qdbm/XSB/bin
configure:3411: result: OK
configure:3416: checking /home/ken/research/qdbm/XSB/config/x86_64-unknown-linux-gnu/bin
configure:3418: result: OK
configure:3423: checking /home/ken/research/qdbm/XSB/config/x86_64-unknown-linux-gnu/lib
configure:3425: result: OK
configure:3430: checking /home/ken/research/qdbm/XSB/config/x86_64-unknown-linux-gnu/saved.o
configure:3432: result: OK
configure:3437: checking /home/ken/research/qdbm/XSB/site/lib
configure:3439: result: OK
configure:3444: checking /home/ken/research/qdbm/XSB/site/config/x86_64-unknown-linux-gnu/lib
configure:3446: result: OK
configure:3451: checking /home/ken/research/qdbm/XSB/emu
configure:3453: result: OK
configure:3458: checking /home/ken/research/qdbm/XSB/lib
configure:3460: result: OK
configure:3465: checking /home/ken/research/qdbm/XSB/syslib
configure:3467: result: OK
configure:3472: checking /home/ken/research/qdbm/XSB/cmplib
configure:3474: result: OK
configure:3479: checking /home/ken/research/qdbm/XSB/bin
configure:3481: result: OK
configure:3486: checking /home/ken/research/qdbm/XSB/build
configure:3488: result: OK
configure:3493: checking /home/ken/research/qdbm/XSB/config/x86_64-unknown-linux-gnu/bin
configure:3495: result: OK
configure:3500: checking /home/ken/research/qdbm/XSB/config/x86_64-unknown-linux-gnu/lib
configure:3502: result: OK
configure:3507: checking /home/ken/research/qdbm/XSB/config/x86_64-unknown-linux-gnu/saved.o
configure:3509: result: OK
configure:3514: checking /home/ken/research/qdbm/XSB/etc
configure:3516: result: OK
configure:3521: checking /home/ken/research/qdbm/XSB/packages
configure:3523: result: OK
configure:3528: checking /home/ken/research/qdbm/XSB/packages/xmc
configure:3530: result: OK
configure:3535: checking /home/ken/research/qdbm/XSB/examples
configure:3537: result: OK
configure:3542: checking /home/ken/research/qdbm/XSB/prolog_includes
configure:3544: result: OK
configure:3610: checking for gcc
configure:3626: found /usr/bin/gcc
configure:3637: result: gcc
configure:3866: checking for C compiler version
configure:3875: gcc --version >&5
gcc (Ubuntu/Linaro 4.6.3-1ubuntu5) 4.6.3
Copyright (C) 2011 Free Software Foundation, Inc.
This is free software; see the source for copying conditions.  There is NO
warranty; not even for MERCHANTABILITY or FITNESS FOR A PARTICULAR PURPOSE.

configure:3886: $? = 0
configure:3875: gcc -v >&5
Using built-in specs.
COLLECT_GCC=gcc
COLLECT_LTO_WRAPPER=/usr/lib/gcc/x86_64-linux-gnu/4.6/lto-wrapper
Target: x86_64-linux-gnu
Configured with: ../src/configure -v --with-pkgversion='Ubuntu/Linaro 4.6.3-1ubuntu5' --with-bugurl=file:///usr/share/doc/gcc-4.6/README.Bugs --enable-languages=c,c++,fortran,objc,obj-c++ --prefix=/usr --program-suffix=-4.6 --enable-shared --enable-linker-build-id --with-system-zlib --libexecdir=/usr/lib --without-included-gettext --enable-threads=posix --with-gxx-include-dir=/usr/include/c++/4.6 --libdir=/usr/lib --enable-nls --with-sysroot=/ --enable-clocale=gnu --enable-libstdcxx-debug --enable-libstdcxx-time=yes --enable-gnu-unique-object --enable-plugin --enable-objc-gc --disable-werror --with-arch-32=i686 --with-tune=generic --enable-checking=release --build=x86_64-linux-gnu --host=x86_64-linux-gnu --target=x86_64-linux-gnu
Thread model: posix
gcc version 4.6.3 (Ubuntu/Linaro 4.6.3-1ubuntu5) 
configure:3886: $? = 0
configure:3875: gcc -V >&5
gcc: error: unrecognized option '-V'
gcc: fatal error: no input files
compilation terminated.
configure:3886: $? = 4
configure:3875: gcc -qversion >&5
gcc: error: unrecognized option '-qversion'
gcc: fatal error: no input files
compilation terminated.
configure:3886: $? = 4
configure:3906: checking whether the C compiler works
configure:3928: gcc    conftest.c  >&5
configure:3932: $? = 0
configure:3980: result: yes
configure:3983: checking for C compiler default output file name
configure:3985: result: a.out
configure:3991: checking for suffix of executables
configure:3998: gcc -o conftest    conftest.c  >&5
configure:4002: $? = 0
configure:4024: result: 
configure:4046: checking whether we are cross compiling
configure:4054: gcc -o conftest    conftest.c  >&5
configure:4058: $? = 0
configure:4065: ./conftest
configure:4069: $? = 0
configure:4084: result: no
configure:4089: checking for suffix of object files
configure:4111: gcc -c   conftest.c >&5
configure:4115: $? = 0
configure:4136: result: o
configure:4140: checking whether we are using the GNU C compiler
configure:4159: gcc -c   conftest.c >&5
configure:4159: $? = 0
configure:4168: result: yes
configure:4177: checking whether gcc accepts -g
configure:4197: gcc -c -g  conftest.c >&5
configure:4197: $? = 0
configure:4238: result: yes
configure:4255: checking for gcc option to accept ISO C89
configure:4319: gcc  -c -g -O2  conftest.c >&5
configure:4319: $? = 0
configure:4332: result: none needed
configure:4357: checking how to run the C preprocessor
configure:4388: gcc -E  conftest.c
configure:4388: $? = 0
configure:4402: gcc -E  conftest.c
conftest.c:19:28: fatal error: ac_nonexistent.h: No such file or directory
compilation terminated.
configure:4402: $? = 1
configure: failed program was:
| /* confdefs.h */
| #define PACKAGE_NAME ""
| #define PACKAGE_TARNAME ""
| #define PACKAGE_VERSION ""
| #define PACKAGE_STRING ""
| #define PACKAGE_BUGREPORT ""
| #define PACKAGE_URL ""
| #define CONFIG_INCLUDED 1
| #define ___ALWAYS_TRUE___ 1
| #define XSB_VERSION "3.3.6 (Pignoletto)"
| #define RELEASE_DATE 2012-01-02
| #define RELEASE_YEAR 2012
| #define RELEASE_MONTH 1
| #define RELEASE_DAY 2
| #define LOCAL_EVAL 1
| #define GC 1
| #define SLG_GC 1
| /* end confdefs.h.  */
| #include <ac_nonexistent.h>
configure:4427: result: gcc -E
configure:4447: gcc -E  conftest.c
configure:4447: $? = 0
configure:4461: gcc -E  conftest.c
conftest.c:19:28: fatal error: ac_nonexistent.h: No such file or directory
compilation terminated.
configure:4461: $? = 1
configure: failed program was:
| /* confdefs.h */
| #define PACKAGE_NAME ""
| #define PACKAGE_TARNAME ""
| #define PACKAGE_VERSION ""
| #define PACKAGE_STRING ""
| #define PACKAGE_BUGREPORT ""
| #define PACKAGE_URL ""
| #define CONFIG_INCLUDED 1
| #define ___ALWAYS_TRUE___ 1
| #define XSB_VERSION "3.3.6 (Pignoletto)"
| #define RELEASE_DATE 2012-01-02
| #define RELEASE_YEAR 2012
| #define RELEASE_MONTH 1
| #define RELEASE_DAY 2
| #define LOCAL_EVAL 1
| #define GC 1
| #define SLG_GC 1
| /* end confdefs.h.  */
| #include <ac_nonexistent.h>
configure:4503: checking for a BSD-compatible install
configure:4571: result: /usr/bin/install -c
configure:4584: checking for grep that handles long lines and -e
configure:4642: result: /bin/grep
configure:4647: checking for egrep
configure:4709: result: /bin/grep -E
configure:4714: checking for ANSI C header files
configure:4734: gcc -c -g -O2  conftest.c >&5
configure:4734: $? = 0
configure:4807: gcc -o conftest -g -O2   conftest.c  >&5
configure:4807: $? = 0
configure:4807: ./conftest
configure:4807: $? = 0
configure:4818: result: yes
configure:4831: checking for sys/types.h
configure:4831: gcc -c -g -O2  conftest.c >&5
configure:4831: $? = 0
configure:4831: result: yes
configure:4831: checking for sys/stat.h
configure:4831: gcc -c -g -O2  conftest.c >&5
configure:4831: $? = 0
configure:4831: result: yes
configure:4831: checking for stdlib.h
configure:4831: gcc -c -g -O2  conftest.c >&5
configure:4831: $? = 0
configure:4831: result: yes
configure:4831: checking for string.h
configure:4831: gcc -c -g -O2  conftest.c >&5
configure:4831: $? = 0
configure:4831: result: yes
configure:4831: checking for memory.h
configure:4831: gcc -c -g -O2  conftest.c >&5
configure:4831: $? = 0
configure:4831: result: yes
configure:4831: checking for strings.h
configure:4831: gcc -c -g -O2  conftest.c >&5
configure:4831: $? = 0
configure:4831: result: yes
configure:4831: checking for inttypes.h
configure:4831: gcc -c -g -O2  conftest.c >&5
configure:4831: $? = 0
configure:4831: result: yes
configure:4831: checking for stdint.h
configure:4831: gcc -c -g -O2  conftest.c >&5
configure:4831: $? = 0
configure:4831: result: yes
configure:4831: checking for unistd.h
configure:4831: gcc -c -g -O2  conftest.c >&5
configure:4831: $? = 0
configure:4831: result: yes
configure:4844: checking minix/config.h usability
configure:4844: gcc -c -g -O2  conftest.c >&5
conftest.c:62:26: fatal error: minix/config.h: No such file or directory
compilation terminated.
configure:4844: $? = 1
configure: failed program was:
| /* confdefs.h */
| #define PACKAGE_NAME ""
| #define PACKAGE_TARNAME ""
| #define PACKAGE_VERSION ""
| #define PACKAGE_STRING ""
| #define PACKAGE_BUGREPORT ""
| #define PACKAGE_URL ""
| #define CONFIG_INCLUDED 1
| #define ___ALWAYS_TRUE___ 1
| #define XSB_VERSION "3.3.6 (Pignoletto)"
| #define RELEASE_DATE 2012-01-02
| #define RELEASE_YEAR 2012
| #define RELEASE_MONTH 1
| #define RELEASE_DAY 2
| #define LOCAL_EVAL 1
| #define GC 1
| #define SLG_GC 1
| #define STDC_HEADERS 1
| #define HAVE_SYS_TYPES_H 1
| #define HAVE_SYS_STAT_H 1
| #define HAVE_STDLIB_H 1
| #define HAVE_STRING_H 1
| #define HAVE_MEMORY_H 1
| #define HAVE_STRINGS_H 1
| #define HAVE_INTTYPES_H 1
| #define HAVE_STDINT_H 1
| #define HAVE_UNISTD_H 1
| /* end confdefs.h.  */
| #include <stdio.h>
| #ifdef HAVE_SYS_TYPES_H
| # include <sys/types.h>
| #endif
| #ifdef HAVE_SYS_STAT_H
| # include <sys/stat.h>
| #endif
| #ifdef STDC_HEADERS
| # include <stdlib.h>
| # include <stddef.h>
| #else
| # ifdef HAVE_STDLIB_H
| #  include <stdlib.h>
| # endif
| #endif
| #ifdef HAVE_STRING_H
| # if !defined STDC_HEADERS && defined HAVE_MEMORY_H
| #  include <memory.h>
| # endif
| # include <string.h>
| #endif
| #ifdef HAVE_STRINGS_H
| # include <strings.h>
| #endif
| #ifdef HAVE_INTTYPES_H
| # include <inttypes.h>
| #endif
| #ifdef HAVE_STDINT_H
| # include <stdint.h>
| #endif
| #ifdef HAVE_UNISTD_H
| # include <unistd.h>
| #endif
| #include <minix/config.h>
configure:4844: result: no
configure:4844: checking minix/config.h presence
configure:4844: gcc -E  conftest.c
conftest.c:29:26: fatal error: minix/config.h: No such file or directory
compilation terminated.
configure:4844: $? = 1
configure: failed program was:
| /* confdefs.h */
| #define PACKAGE_NAME ""
| #define PACKAGE_TARNAME ""
| #define PACKAGE_VERSION ""
| #define PACKAGE_STRING ""
| #define PACKAGE_BUGREPORT ""
| #define PACKAGE_URL ""
| #define CONFIG_INCLUDED 1
| #define ___ALWAYS_TRUE___ 1
| #define XSB_VERSION "3.3.6 (Pignoletto)"
| #define RELEASE_DATE 2012-01-02
| #define RELEASE_YEAR 2012
| #define RELEASE_MONTH 1
| #define RELEASE_DAY 2
| #define LOCAL_EVAL 1
| #define GC 1
| #define SLG_GC 1
| #define STDC_HEADERS 1
| #define HAVE_SYS_TYPES_H 1
| #define HAVE_SYS_STAT_H 1
| #define HAVE_STDLIB_H 1
| #define HAVE_STRING_H 1
| #define HAVE_MEMORY_H 1
| #define HAVE_STRINGS_H 1
| #define HAVE_INTTYPES_H 1
| #define HAVE_STDINT_H 1
| #define HAVE_UNISTD_H 1
| /* end confdefs.h.  */
| #include <minix/config.h>
configure:4844: result: no
configure:4844: checking for minix/config.h
configure:4844: result: no
configure:4865: checking whether it is safe to define __EXTENSIONS__
configure:4883: gcc -c -g -O2  conftest.c >&5
configure:4883: $? = 0
configure:4890: result: yes
configure:4908: checking for gcc
configure:4924: found /usr/bin/gcc
configure:4936: result: yes
configure:4945: checking whether we are using SunPro C
configure:4956: gcc -c -g -O2  conftest.c >&5
conftest.c:36:2: error: #error Not a SunPro compiler :-(
conftest.c:37:9: error: expected identifier or '(' before '==' token
configure:4956: $? = 1
configure: failed program was:
| /* confdefs.h */
| #define PACKAGE_NAME ""
| #define PACKAGE_TARNAME ""
| #define PACKAGE_VERSION ""
| #define PACKAGE_STRING ""
| #define PACKAGE_BUGREPORT ""
| #define PACKAGE_URL ""
| #define CONFIG_INCLUDED 1
| #define ___ALWAYS_TRUE___ 1
| #define XSB_VERSION "3.3.6 (Pignoletto)"
| #define RELEASE_DATE 2012-01-02
| #define RELEASE_YEAR 2012
| #define RELEASE_MONTH 1
| #define RELEASE_DAY 2
| #define LOCAL_EVAL 1
| #define GC 1
| #define SLG_GC 1
| #define STDC_HEADERS 1
| #define HAVE_SYS_TYPES_H 1
| #define HAVE_SYS_STAT_H 1
| #define HAVE_STDLIB_H 1
| #define HAVE_STRING_H 1
| #define HAVE_MEMORY_H 1
| #define HAVE_STRINGS_H 1
| #define HAVE_INTTYPES_H 1
| #define HAVE_STDINT_H 1
| #define HAVE_UNISTD_H 1
| #define __EXTENSIONS__ 1
| #define _ALL_SOURCE 1
| #define _GNU_SOURCE 1
| #define _POSIX_PTHREAD_SEMANTICS 1
| #define _TANDEM_SOURCE 1
| /* end confdefs.h.  */
| 
| #ifndef __SUNPRO_C
| #error Not a  SunPro compiler :-(
| ******* ======= ******** &&&&&&&&
| #endif
| 
configure:4962: result: no
configure:5105: checking whether make sets $(MAKE)
configure:5127: result: yes
configure:5143: checking size of long
configure:5148: gcc -o conftest -Wall -pipe -ansi -pedantic   conftest.c  >&5
configure:5148: $? = 0
configure:5148: ./conftest
configure:5148: $? = 0
configure:5162: result: 8
configure:5220: checking for main in -lm
configure:5239: gcc -o conftest -Wall -pipe -ansi -pedantic   conftest.c -lm   >&5
configure:5239: $? = 0
configure:5248: result: yes
configure:5263: checking for main in -ldl
configure:5282: gcc -o conftest -Wall -pipe -ansi -pedantic   conftest.c -ldl  -lm  >&5
configure:5282: $? = 0
configure:5291: result: yes
configure:5304: checking for main in -lnsl
configure:5323: gcc -o conftest -Wall -pipe -ansi -pedantic   conftest.c -lnsl  -ldl -lm  >&5
configure:5323: $? = 0
configure:5332: result: yes
configure:5345: checking for main in -lpthread
configure:5364: gcc -o conftest -Wall -pipe -ansi -pedantic   conftest.c -lpthread  -lnsl -ldl -lm  >&5
configure:5364: $? = 0
configure:5373: result: yes
configure:5386: checking for main in -lsocket
configure:5405: gcc -o conftest -Wall -pipe -ansi -pedantic   conftest.c -lsocket  -lpthread -lnsl -ldl -lm  >&5
/usr/bin/ld: cannot find -lsocket
collect2: ld returned 1 exit status
configure:5405: $? = 1
configure: failed program was:
| /* confdefs.h */
| #define PACKAGE_NAME ""
| #define PACKAGE_TARNAME ""
| #define PACKAGE_VERSION ""
| #define PACKAGE_STRING ""
| #define PACKAGE_BUGREPORT ""
| #define PACKAGE_URL ""
| #define CONFIG_INCLUDED 1
| #define ___ALWAYS_TRUE___ 1
| #define XSB_VERSION "3.3.6 (Pignoletto)"
| #define RELEASE_DATE 2012-01-02
| #define RELEASE_YEAR 2012
| #define RELEASE_MONTH 1
| #define RELEASE_DAY 2
| #define LOCAL_EVAL 1
| #define GC 1
| #define SLG_GC 1
| #define STDC_HEADERS 1
| #define HAVE_SYS_TYPES_H 1
| #define HAVE_SYS_STAT_H 1
| #define HAVE_STDLIB_H 1
| #define HAVE_STRING_H 1
| #define HAVE_MEMORY_H 1
| #define HAVE_STRINGS_H 1
| #define HAVE_INTTYPES_H 1
| #define HAVE_STDINT_H 1
| #define HAVE_UNISTD_H 1
| #define __EXTENSIONS__ 1
| #define _ALL_SOURCE 1
| #define _GNU_SOURCE 1
| #define _POSIX_PTHREAD_SEMANTICS 1
| #define _TANDEM_SOURCE 1
| #define CC "gcc"
| #define SIZEOF_LONG 8
| #define BITS64 1
| #define HAVE_LIBM 1
| #define HAVE_LIBDL 1
| #define HAVE_LIBNSL 1
| #define HAVE_LIBPTHREAD 1
| /* end confdefs.h.  */
| 
| 
| int
| main ()
| {
| return main ();
|   ;
|   return 0;
| }
configure:5414: result: no
configure:5428: checking for readline in -lreadline
configure:5453: gcc -o conftest -Wall -pipe -ansi -pedantic   conftest.c -lreadline  -lpthread -lnsl -ldl -lm  >&5
/usr/bin/ld: cannot find -lreadline
collect2: ld returned 1 exit status
configure:5453: $? = 1
configure: failed program was:
| /* confdefs.h */
| #define PACKAGE_NAME ""
| #define PACKAGE_TARNAME ""
| #define PACKAGE_VERSION ""
| #define PACKAGE_STRING ""
| #define PACKAGE_BUGREPORT ""
| #define PACKAGE_URL ""
| #define CONFIG_INCLUDED 1
| #define ___ALWAYS_TRUE___ 1
| #define XSB_VERSION "3.3.6 (Pignoletto)"
| #define RELEASE_DATE 2012-01-02
| #define RELEASE_YEAR 2012
| #define RELEASE_MONTH 1
| #define RELEASE_DAY 2
| #define LOCAL_EVAL 1
| #define GC 1
| #define SLG_GC 1
| #define STDC_HEADERS 1
| #define HAVE_SYS_TYPES_H 1
| #define HAVE_SYS_STAT_H 1
| #define HAVE_STDLIB_H 1
| #define HAVE_STRING_H 1
| #define HAVE_MEMORY_H 1
| #define HAVE_STRINGS_H 1
| #define HAVE_INTTYPES_H 1
| #define HAVE_STDINT_H 1
| #define HAVE_UNISTD_H 1
| #define __EXTENSIONS__ 1
| #define _ALL_SOURCE 1
| #define _GNU_SOURCE 1
| #define _POSIX_PTHREAD_SEMANTICS 1
| #define _TANDEM_SOURCE 1
| #define CC "gcc"
| #define SIZEOF_LONG 8
| #define BITS64 1
| #define HAVE_LIBM 1
| #define HAVE_LIBDL 1
| #define HAVE_LIBNSL 1
| #define HAVE_LIBPTHREAD 1
| /* end confdefs.h.  */
| 
| /* Override any GCC internal prototype to avoid an error.
|    Use char because int might match the return type of a GCC
|    builtin and then its argument prototype would still apply.  */
| #ifdef __cplusplus
| extern "C"
| #endif
| char readline ();
| int
| main ()
| {
| return readline ();
|   ;
|   return 0;
| }
configure:5462: result: no
configure:5476: checking stdarg.h usability
configure:5476: gcc -c -Wall -pipe -ansi -pedantic  conftest.c >&5
configure:5476: $? = 0
configure:5476: result: yes
configure:5476: checking stdarg.h presence
configure:5476: gcc -E  conftest.c
configure:5476: $? = 0
configure:5476: result: yes
configure:5476: checking for stdarg.h
configure:5476: result: yes
configure:5495: checking sys/time.h usability
configure:5495: gcc -c -Wall -pipe -ansi -pedantic  conftest.c >&5
configure:5495: $? = 0
configure:5495: result: yes
configure:5495: checking sys/time.h presence
configure:5495: gcc -E  conftest.c
configure:5495: $? = 0
configure:5495: result: yes
configure:5495: checking for sys/time.h
configure:5495: result: yes
configure:5506: checking whether time.h and sys/time.h may both be included
configure:5526: gcc -c -Wall -pipe -ansi -pedantic  conftest.c >&5
configure:5526: $? = 0
configure:5533: result: yes
configure:5544: checking sys/resource.h usability
configure:5544: gcc -c -Wall -pipe -ansi -pedantic  conftest.c >&5
configure:5544: $? = 0
configure:5544: result: yes
configure:5544: checking sys/resource.h presence
configure:5544: gcc -E  conftest.c
configure:5544: $? = 0
configure:5544: result: yes
configure:5544: checking for sys/resource.h
configure:5544: result: yes
configure:5561: checking for malloc
configure:5561: gcc -o conftest -Wall -pipe -ansi -pedantic   conftest.c -lpthread -lnsl -ldl -lm  >&5
conftest.c:68:6: warning: conflicting types for built-in function 'malloc' [enabled by default]
configure:5561: $? = 0
configure:5561: result: yes
configure:5578: checking for unistd.h
configure:5578: result: yes
configure:5578: checking for string.h
configure:5578: result: yes
configure:5578: checking for stdlib.h
configure:5578: result: yes
configure:5596: checking for an ANSI C-conforming const
configure:5661: gcc -c -Wall -pipe -ansi -pedantic  conftest.c >&5
conftest.c: In function 'main':
conftest.c:78:10: warning: 't' is used uninitialized in this function [-Wuninitialized]
conftest.c:94:23: warning: 'b' may be used uninitialized in this function [-Wuninitialized]
configure:5661: $? = 0
configure:5668: result: yes
configure:5677: checking return type of signal handlers
configure:5695: gcc -c -Wall -pipe -ansi -pedantic  conftest.c >&5
conftest.c: In function 'main':
conftest.c:55:1: error: void value not ignored as it ought to be
configure:5695: $? = 1
configure: failed program was:
| /* confdefs.h */
| #define PACKAGE_NAME ""
| #define PACKAGE_TARNAME ""
| #define PACKAGE_VERSION ""
| #define PACKAGE_STRING ""
| #define PACKAGE_BUGREPORT ""
| #define PACKAGE_URL ""
| #define CONFIG_INCLUDED 1
| #define ___ALWAYS_TRUE___ 1
| #define XSB_VERSION "3.3.6 (Pignoletto)"
| #define RELEASE_DATE 2012-01-02
| #define RELEASE_YEAR 2012
| #define RELEASE_MONTH 1
| #define RELEASE_DAY 2
| #define LOCAL_EVAL 1
| #define GC 1
| #define SLG_GC 1
| #define STDC_HEADERS 1
| #define HAVE_SYS_TYPES_H 1
| #define HAVE_SYS_STAT_H 1
| #define HAVE_STDLIB_H 1
| #define HAVE_STRING_H 1
| #define HAVE_MEMORY_H 1
| #define HAVE_STRINGS_H 1
| #define HAVE_INTTYPES_H 1
| #define HAVE_STDINT_H 1
| #define HAVE_UNISTD_H 1
| #define __EXTENSIONS__ 1
| #define _ALL_SOURCE 1
| #define _GNU_SOURCE 1
| #define _POSIX_PTHREAD_SEMANTICS 1
| #define _TANDEM_SOURCE 1
| #define CC "gcc"
| #define SIZEOF_LONG 8
| #define BITS64 1
| #define HAVE_LIBM 1
| #define HAVE_LIBDL 1
| #define HAVE_LIBNSL 1
| #define HAVE_LIBPTHREAD 1
| #define HAVE_STDARG_H 1
| #define HAVE_SYS_TIME_H 1
| #define TIME_WITH_SYS_TIME 1
| #define HAVE_SYS_RESOURCE_H 1
| #define HAVE_MALLOC 1
| #define HAVE_UNISTD_H 1
| #define HAVE_STRING_H 1
| #define HAVE_STDLIB_H 1
| /* end confdefs.h.  */
| #include <sys/types.h>
| #include <signal.h>
| 
| int
| main ()
| {
| return *(signal (0, 0)) (0) == 1;
|   ;
|   return 0;
| }
configure:5702: result: void
configure:5713: checking for strdup
configure:5713: gcc -o conftest -Wall -pipe -ansi -pedantic   conftest.c -lpthread -lnsl -ldl -lm  >&5
configure:5713: $? = 0
configure:5713: result: yes
configure:5713: checking for mkdir
configure:5713: gcc -o conftest -Wall -pipe -ansi -pedantic   conftest.c -lpthread -lnsl -ldl -lm  >&5
configure:5713: $? = 0
configure:5713: result: yes
configure:5732: checking for gethostbyname
configure:5732: gcc -o conftest -Wall -pipe -ansi -pedantic   conftest.c -lpthread -lnsl -ldl -lm  >&5
configure:5732: $? = 0
configure:5732: result: yes
configure:5732: checking for gettimeofday
configure:5732: gcc -o conftest -Wall -pipe -ansi -pedantic   conftest.c -lpthread -lnsl -ldl -lm  >&5
configure:5732: $? = 0
configure:5732: result: yes
configure:5732: checking for socket
configure:5732: gcc -o conftest -Wall -pipe -ansi -pedantic   conftest.c -lpthread -lnsl -ldl -lm  >&5
configure:5732: $? = 0
configure:5732: result: yes
configure:5732: checking for snprintf
configure:5732: gcc -o conftest -Wall -pipe -ansi -pedantic   conftest.c -lpthread -lnsl -ldl -lm  >&5
configure:5732: $? = 0
configure:5732: result: yes
configure:5745: checking for regexec
configure:5745: gcc -o conftest -Wall -pipe -ansi -pedantic   conftest.c -lpthread -lnsl -ldl -lm  >&5
configure:5745: $? = 0
configure:5745: result: yes
configure:5745: checking for regerror
configure:5745: gcc -o conftest -Wall -pipe -ansi -pedantic   conftest.c -lpthread -lnsl -ldl -lm  >&5
configure:5745: $? = 0
configure:5745: result: yes
configure:5745: checking for regcomp
configure:5745: gcc -o conftest -Wall -pipe -ansi -pedantic   conftest.c -lpthread -lnsl -ldl -lm  >&5
configure:5745: $? = 0
configure:5745: result: yes
configure:5759: checking for fnmatch
configure:5759: gcc -o conftest -Wall -pipe -ansi -pedantic   conftest.c -lpthread -lnsl -ldl -lm  >&5
configure:5759: $? = 0
configure:5759: result: yes
configure:5759: checking for glob
configure:5759: gcc -o conftest -Wall -pipe -ansi -pedantic   conftest.c -lpthread -lnsl -ldl -lm  >&5
configure:5759: $? = 0
configure:5759: result: yes
configure:5759: checking for globfree
configure:5759: gcc -o conftest -Wall -pipe -ansi -pedantic   conftest.c -lpthread -lnsl -ldl -lm  >&5
configure:5759: $? = 0
configure:5759: result: yes
configure:5773: checking for execvp
configure:5773: gcc -o conftest -Wall -pipe -ansi -pedantic   conftest.c -lpthread -lnsl -ldl -lm  >&5
configure:5773: $? = 0
configure:5773: result: yes
configure:5981: checking for itkwish
configure:6013: result: no
configure:6057: checking whether loader understands -Wl,-export-dynamic
configure:6065: gcc -o conftest -Wall -pipe   -Wl,-export-dynamic conftest.c  -lpthread -lnsl -ldl -lm  >&5
conftest.c:65:1: warning: return type defaults to 'int' [-Wreturn-type]
configure:6065: $? = 0
configure:6072: result: yes
configure:6289: checking for inline
configure:6305: gcc -c -Wall -pipe   conftest.c >&5
configure:6305: $? = 0
configure:6313: result: inline
configure:6728: checking for javac
configure:6759: result: no
configure:6799: checking jni.h usability
configure:6799: gcc -c  -O3 -fno-strict-aliasing  -Wall -pipe   conftest.c >&5
conftest.c:102:17: fatal error: jni.h: No such file or directory
compilation terminated.
configure:6799: $? = 1
configure: failed program was:
| /* confdefs.h */
| #define PACKAGE_NAME ""
| #define PACKAGE_TARNAME ""
| #define PACKAGE_VERSION ""
| #define PACKAGE_STRING ""
| #define PACKAGE_BUGREPORT ""
| #define PACKAGE_URL ""
| #define CONFIG_INCLUDED 1
| #define ___ALWAYS_TRUE___ 1
| #define XSB_VERSION "3.3.6 (Pignoletto)"
| #define RELEASE_DATE 2012-01-02
| #define RELEASE_YEAR 2012
| #define RELEASE_MONTH 1
| #define RELEASE_DAY 2
| #define LOCAL_EVAL 1
| #define GC 1
| #define SLG_GC 1
| #define STDC_HEADERS 1
| #define HAVE_SYS_TYPES_H 1
| #define HAVE_SYS_STAT_H 1
| #define HAVE_STDLIB_H 1
| #define HAVE_STRING_H 1
| #define HAVE_MEMORY_H 1
| #define HAVE_STRINGS_H 1
| #define HAVE_INTTYPES_H 1
| #define HAVE_STDINT_H 1
| #define HAVE_UNISTD_H 1
| #define __EXTENSIONS__ 1
| #define _ALL_SOURCE 1
| #define _GNU_SOURCE 1
| #define _POSIX_PTHREAD_SEMANTICS 1
| #define _TANDEM_SOURCE 1
| #define CC "gcc"
| #define SIZEOF_LONG 8
| #define BITS64 1
| #define HAVE_LIBM 1
| #define HAVE_LIBDL 1
| #define HAVE_LIBNSL 1
| #define HAVE_LIBPTHREAD 1
| #define HAVE_STDARG_H 1
| #define HAVE_SYS_TIME_H 1
| #define TIME_WITH_SYS_TIME 1
| #define HAVE_SYS_RESOURCE_H 1
| #define HAVE_MALLOC 1
| #define HAVE_UNISTD_H 1
| #define HAVE_STRING_H 1
| #define HAVE_STDLIB_H 1
| #define RETSIGTYPE void
| #define HAVE_STRDUP 1
| #define HAVE_MKDIR 1
| #define HAVE_GETHOSTBYNAME 1
| #define HAVE_GETTIMEOFDAY 1
| #define HAVE_SOCKET 1
| #define HAVE_SNPRINTF 1
| #define HAVE_REGEXEC 1
| #define HAVE_REGERROR 1
| #define HAVE_REGCOMP 1
| #define HAVE_FNMATCH 1
| #define HAVE_GLOB 1
| #define HAVE_GLOBFREE 1
| #define HAVE_EXECVP 1
| #define JUMPTABLE_EMULOOP 1
| #define INSN_BLOCKS 1
| #define LINUX 1
| #define _GNU_SOURCE 1
| #define LINUX_ELF 1
| #define FOREIGN_ELF 1
| /* end confdefs.h.  */
| #include <stdio.h>
| #ifdef HAVE_SYS_TYPES_H
| # include <sys/types.h>
| #endif
| #ifdef HAVE_SYS_STAT_H
| # include <sys/stat.h>
| #endif
| #ifdef STDC_HEADERS
| # include <stdlib.h>
| # include <stddef.h>
| #else
| # ifdef HAVE_STDLIB_H
| #  include <stdlib.h>
| # endif
| #endif
| #ifdef HAVE_STRING_H
| # if !defined STDC_HEADERS && defined HAVE_MEMORY_H
| #  include <memory.h>
| # endif
| # include <string.h>
| #endif
| #ifdef HAVE_STRINGS_H
| # include <strings.h>
| #endif
| #ifdef HAVE_INTTYPES_H
| # include <inttypes.h>
| #endif
| #ifdef HAVE_STDINT_H
| # include <stdint.h>
| #endif
| #ifdef HAVE_UNISTD_H
| # include <unistd.h>
| #endif
| #include <jni.h>
configure:6799: result: no
configure:6799: checking jni.h presence
configure:6799: gcc -E  conftest.c
conftest.c:69:17: fatal error: jni.h: No such file or directory
compilation terminated.
configure:6799: $? = 1
configure: failed program was:
| /* confdefs.h */
| #define PACKAGE_NAME ""
| #define PACKAGE_TARNAME ""
| #define PACKAGE_VERSION ""
| #define PACKAGE_STRING ""
| #define PACKAGE_BUGREPORT ""
| #define PACKAGE_URL ""
| #define CONFIG_INCLUDED 1
| #define ___ALWAYS_TRUE___ 1
| #define XSB_VERSION "3.3.6 (Pignoletto)"
| #define RELEASE_DATE 2012-01-02
| #define RELEASE_YEAR 2012
| #define RELEASE_MONTH 1
| #define RELEASE_DAY 2
| #define LOCAL_EVAL 1
| #define GC 1
| #define SLG_GC 1
| #define STDC_HEADERS 1
| #define HAVE_SYS_TYPES_H 1
| #define HAVE_SYS_STAT_H 1
| #define HAVE_STDLIB_H 1
| #define HAVE_STRING_H 1
| #define HAVE_MEMORY_H 1
| #define HAVE_STRINGS_H 1
| #define HAVE_INTTYPES_H 1
| #define HAVE_STDINT_H 1
| #define HAVE_UNISTD_H 1
| #define __EXTENSIONS__ 1
| #define _ALL_SOURCE 1
| #define _GNU_SOURCE 1
| #define _POSIX_PTHREAD_SEMANTICS 1
| #define _TANDEM_SOURCE 1
| #define CC "gcc"
| #define SIZEOF_LONG 8
| #define BITS64 1
| #define HAVE_LIBM 1
| #define HAVE_LIBDL 1
| #define HAVE_LIBNSL 1
| #define HAVE_LIBPTHREAD 1
| #define HAVE_STDARG_H 1
| #define HAVE_SYS_TIME_H 1
| #define TIME_WITH_SYS_TIME 1
| #define HAVE_SYS_RESOURCE_H 1
| #define HAVE_MALLOC 1
| #define HAVE_UNISTD_H 1
| #define HAVE_STRING_H 1
| #define HAVE_STDLIB_H 1
| #define RETSIGTYPE void
| #define HAVE_STRDUP 1
| #define HAVE_MKDIR 1
| #define HAVE_GETHOSTBYNAME 1
| #define HAVE_GETTIMEOFDAY 1
| #define HAVE_SOCKET 1
| #define HAVE_SNPRINTF 1
| #define HAVE_REGEXEC 1
| #define HAVE_REGERROR 1
| #define HAVE_REGCOMP 1
| #define HAVE_FNMATCH 1
| #define HAVE_GLOB 1
| #define HAVE_GLOBFREE 1
| #define HAVE_EXECVP 1
| #define JUMPTABLE_EMULOOP 1
| #define INSN_BLOCKS 1
| #define LINUX 1
| #define _GNU_SOURCE 1
| #define LINUX_ELF 1
| #define FOREIGN_ELF 1
| /* end confdefs.h.  */
| #include <jni.h>
configure:6799: result: no
configure:6799: checking for jni.h
configure:6799: result: no
configure:6799: checking jni_md.h usability
configure:6799: gcc -c  -O3 -fno-strict-aliasing  -Wall -pipe   conftest.c >&5
conftest.c:102:20: fatal error: jni_md.h: No such file or directory
compilation terminated.
configure:6799: $? = 1
configure: failed program was:
| /* confdefs.h */
| #define PACKAGE_NAME ""
| #define PACKAGE_TARNAME ""
| #define PACKAGE_VERSION ""
| #define PACKAGE_STRING ""
| #define PACKAGE_BUGREPORT ""
| #define PACKAGE_URL ""
| #define CONFIG_INCLUDED 1
| #define ___ALWAYS_TRUE___ 1
| #define XSB_VERSION "3.3.6 (Pignoletto)"
| #define RELEASE_DATE 2012-01-02
| #define RELEASE_YEAR 2012
| #define RELEASE_MONTH 1
| #define RELEASE_DAY 2
| #define LOCAL_EVAL 1
| #define GC 1
| #define SLG_GC 1
| #define STDC_HEADERS 1
| #define HAVE_SYS_TYPES_H 1
| #define HAVE_SYS_STAT_H 1
| #define HAVE_STDLIB_H 1
| #define HAVE_STRING_H 1
| #define HAVE_MEMORY_H 1
| #define HAVE_STRINGS_H 1
| #define HAVE_INTTYPES_H 1
| #define HAVE_STDINT_H 1
| #define HAVE_UNISTD_H 1
| #define __EXTENSIONS__ 1
| #define _ALL_SOURCE 1
| #define _GNU_SOURCE 1
| #define _POSIX_PTHREAD_SEMANTICS 1
| #define _TANDEM_SOURCE 1
| #define CC "gcc"
| #define SIZEOF_LONG 8
| #define BITS64 1
| #define HAVE_LIBM 1
| #define HAVE_LIBDL 1
| #define HAVE_LIBNSL 1
| #define HAVE_LIBPTHREAD 1
| #define HAVE_STDARG_H 1
| #define HAVE_SYS_TIME_H 1
| #define TIME_WITH_SYS_TIME 1
| #define HAVE_SYS_RESOURCE_H 1
| #define HAVE_MALLOC 1
| #define HAVE_UNISTD_H 1
| #define HAVE_STRING_H 1
| #define HAVE_STDLIB_H 1
| #define RETSIGTYPE void
| #define HAVE_STRDUP 1
| #define HAVE_MKDIR 1
| #define HAVE_GETHOSTBYNAME 1
| #define HAVE_GETTIMEOFDAY 1
| #define HAVE_SOCKET 1
| #define HAVE_SNPRINTF 1
| #define HAVE_REGEXEC 1
| #define HAVE_REGERROR 1
| #define HAVE_REGCOMP 1
| #define HAVE_FNMATCH 1
| #define HAVE_GLOB 1
| #define HAVE_GLOBFREE 1
| #define HAVE_EXECVP 1
| #define JUMPTABLE_EMULOOP 1
| #define INSN_BLOCKS 1
| #define LINUX 1
| #define _GNU_SOURCE 1
| #define LINUX_ELF 1
| #define FOREIGN_ELF 1
| /* end confdefs.h.  */
| #include <stdio.h>
| #ifdef HAVE_SYS_TYPES_H
| # include <sys/types.h>
| #endif
| #ifdef HAVE_SYS_STAT_H
| # include <sys/stat.h>
| #endif
| #ifdef STDC_HEADERS
| # include <stdlib.h>
| # include <stddef.h>
| #else
| # ifdef HAVE_STDLIB_H
| #  include <stdlib.h>
| # endif
| #endif
| #ifdef HAVE_STRING_H
| # if !defined STDC_HEADERS && defined HAVE_MEMORY_H
| #  include <memory.h>
| # endif
| # include <string.h>
| #endif
| #ifdef HAVE_STRINGS_H
| # include <strings.h>
| #endif
| #ifdef HAVE_INTTYPES_H
| # include <inttypes.h>
| #endif
| #ifdef HAVE_STDINT_H
| # include <stdint.h>
| #endif
| #ifdef HAVE_UNISTD_H
| # include <unistd.h>
| #endif
| #include <jni_md.h>
configure:6799: result: no
configure:6799: checking jni_md.h presence
configure:6799: gcc -E  conftest.c
conftest.c:69:20: fatal error: jni_md.h: No such file or directory
compilation terminated.
configure:6799: $? = 1
configure: failed program was:
| /* confdefs.h */
| #define PACKAGE_NAME ""
| #define PACKAGE_TARNAME ""
| #define PACKAGE_VERSION ""
| #define PACKAGE_STRING ""
| #define PACKAGE_BUGREPORT ""
| #define PACKAGE_URL ""
| #define CONFIG_INCLUDED 1
| #define ___ALWAYS_TRUE___ 1
| #define XSB_VERSION "3.3.6 (Pignoletto)"
| #define RELEASE_DATE 2012-01-02
| #define RELEASE_YEAR 2012
| #define RELEASE_MONTH 1
| #define RELEASE_DAY 2
| #define LOCAL_EVAL 1
| #define GC 1
| #define SLG_GC 1
| #define STDC_HEADERS 1
| #define HAVE_SYS_TYPES_H 1
| #define HAVE_SYS_STAT_H 1
| #define HAVE_STDLIB_H 1
| #define HAVE_STRING_H 1
| #define HAVE_MEMORY_H 1
| #define HAVE_STRINGS_H 1
| #define HAVE_INTTYPES_H 1
| #define HAVE_STDINT_H 1
| #define HAVE_UNISTD_H 1
| #define __EXTENSIONS__ 1
| #define _ALL_SOURCE 1
| #define _GNU_SOURCE 1
| #define _POSIX_PTHREAD_SEMANTICS 1
| #define _TANDEM_SOURCE 1
| #define CC "gcc"
| #define SIZEOF_LONG 8
| #define BITS64 1
| #define HAVE_LIBM 1
| #define HAVE_LIBDL 1
| #define HAVE_LIBNSL 1
| #define HAVE_LIBPTHREAD 1
| #define HAVE_STDARG_H 1
| #define HAVE_SYS_TIME_H 1
| #define TIME_WITH_SYS_TIME 1
| #define HAVE_SYS_RESOURCE_H 1
| #define HAVE_MALLOC 1
| #define HAVE_UNISTD_H 1
| #define HAVE_STRING_H 1
| #define HAVE_STDLIB_H 1
| #define RETSIGTYPE void
| #define HAVE_STRDUP 1
| #define HAVE_MKDIR 1
| #define HAVE_GETHOSTBYNAME 1
| #define HAVE_GETTIMEOFDAY 1
| #define HAVE_SOCKET 1
| #define HAVE_SNPRINTF 1
| #define HAVE_REGEXEC 1
| #define HAVE_REGERROR 1
| #define HAVE_REGCOMP 1
| #define HAVE_FNMATCH 1
| #define HAVE_GLOB 1
| #define HAVE_GLOBFREE 1
| #define HAVE_EXECVP 1
| #define JUMPTABLE_EMULOOP 1
| #define INSN_BLOCKS 1
| #define LINUX 1
| #define _GNU_SOURCE 1
| #define LINUX_ELF 1
| #define FOREIGN_ELF 1
| /* end confdefs.h.  */
| #include <jni_md.h>
configure:6799: result: no
configure:6799: checking for jni_md.h
configure:6799: result: no
configure:7018: updating cache /home/ken/research/qdbm/XSB/config/x86_64-unknown-linux-gnu/config.cache
configure:7067: creating ./config.status

## ---------------------- ##
## Running config.status. ##
## ---------------------- ##

This file was extended by config.status, which was
generated by GNU Autoconf 2.68.  Invocation command line was

  CONFIG_FILES    = 
  CONFIG_HEADERS  = 
  CONFIG_LINKS    = 
  CONFIG_COMMANDS = 
  $ ./config.status 

on ken-desktop

config.status:: creating /home/ken/research/qdbm/XSB/config/x86_64-unknown-linux-gnu/topMakefile
config.status:: creating /home/ken/research/qdbm/XSB/config/x86_64-unknown-linux-gnu/emuMakefile
config.status:: creating /home/ken/research/qdbm/XSB/config/x86_64-unknown-linux-gnu/modMakefile
config.status:: creating /home/ken/research/qdbm/XSB/config/x86_64-unknown-linux-gnu/gppMakefile
config.status:: creating /home/ken/research/qdbm/XSB/config/x86_64-unknown-linux-gnu/smoMakefile
config.status:: creating /home/ken/research/qdbm/XSB/config/x86_64-unknown-linux-gnu/makedef.sh
config.status:: creating /home/ken/research/qdbm/XSB/config/x86_64-unknown-linux-gnu/lib/xsb_configuration.P
config.status:: creating windows/xsb_configuration.P
config.status:: creating windows64/xsb_configuration.P
config.status:: creating makexsb
config.status:: creating /home/ken/research/qdbm/XSB/bin/chr_pp
config.status:: creating /home/ken/research/qdbm/XSB/bin/xsb
config.status:: creating /home/ken/research/qdbm/XSB/config/x86_64-unknown-linux-gnu/banner.msg
config.status:: creating windows/banner.msg
config.status:: creating windows64/banner.msg
config.status:: creating windows/MSVC_mkfile.mak
config.status:: creating windows64/MSVC_mkfile.mak
config.status:: creating /home/ken/research/qdbm/XSB/packages/xmc/xmc-gui
config.status:: creating /home/ken/research/qdbm/XSB/config/x86_64-unknown-linux-gnu/xsb_config.h
config.status:: creating windows/xsb_config.h
config.status:: windows/xsb_config.h is unchanged
config.status:: creating windows/xsb_debug.h
config.status:: windows/xsb_debug.h is unchanged
config.status:: creating windows64/xsb_config.h
config.status:: windows64/xsb_config.h is unchanged
config.status:: creating windows64/xsb_debug.h
config.status:: windows64/xsb_debug.h is unchanged
config.status:: creating /home/ken/research/qdbm/XSB/config/x86_64-unknown-linux-gnu/xsb_debug.h

## ---------------- ##
## Cache variables. ##
## ---------------- ##

ac_cv_build=x86_64-unknown-linux-gnu
ac_cv_c_compiler_gnu=yes
ac_cv_c_const=yes
ac_cv_c_inline=inline
ac_cv_env_CCC_set=
ac_cv_env_CCC_value=
ac_cv_env_CC_set=
ac_cv_env_CC_value=
ac_cv_env_CFLAGS_set=
ac_cv_env_CFLAGS_value=
ac_cv_env_CPPFLAGS_set=
ac_cv_env_CPPFLAGS_value=
ac_cv_env_CPP_set=
ac_cv_env_CPP_value=
ac_cv_env_CXXFLAGS_set=
ac_cv_env_CXXFLAGS_value=
ac_cv_env_CXX_set=
ac_cv_env_CXX_value=
ac_cv_env_LDFLAGS_set=
ac_cv_env_LDFLAGS_value=
ac_cv_env_LIBS_set=
ac_cv_env_LIBS_value=
ac_cv_env_build_alias_set=
ac_cv_env_build_alias_value=
ac_cv_env_host_alias_set=
ac_cv_env_host_alias_value=
ac_cv_env_target_alias_set=
ac_cv_env_target_alias_value=
ac_cv_func_execvp=yes
ac_cv_func_fnmatch=yes
ac_cv_func_gethostbyname=yes
ac_cv_func_gettimeofday=yes
ac_cv_func_glob=yes
ac_cv_func_globfree=yes
ac_cv_func_malloc=yes
ac_cv_func_mkdir=yes
ac_cv_func_regcomp=yes
ac_cv_func_regerror=yes
ac_cv_func_regexec=yes
ac_cv_func_snprintf=yes
ac_cv_func_socket=yes
ac_cv_func_strdup=yes
ac_cv_header_inttypes_h=yes
ac_cv_header_jni_h=no
ac_cv_header_jni_md_h=no
ac_cv_header_memory_h=yes
ac_cv_header_minix_config_h=no
ac_cv_header_stdarg_h=yes
ac_cv_header_stdc=yes
ac_cv_header_stdint_h=yes
ac_cv_header_stdlib_h=yes
ac_cv_header_string_h=yes
ac_cv_header_strings_h=yes
ac_cv_header_sys_resource_h=yes
ac_cv_header_sys_stat_h=yes
ac_cv_header_sys_time_h=yes
ac_cv_header_sys_types_h=yes
ac_cv_header_time=yes
ac_cv_header_unistd_h=yes
ac_cv_host=x86_64-unknown-linux-gnu
ac_cv_lib_dl_main=yes
ac_cv_lib_m_main=yes
ac_cv_lib_nsl_main=yes
ac_cv_lib_pthread_main=yes
ac_cv_lib_readline_readline=no
ac_cv_lib_socket_main=no
ac_cv_objext=o
ac_cv_path_EGREP='/bin/grep -E'
ac_cv_path_GREP=/bin/grep
ac_cv_path_install='/usr/bin/install -c'
ac_cv_path_itkwish_path=no
ac_cv_path_java_path=no
ac_cv_prog_CPP='gcc -E'
ac_cv_prog_ac_ct_CC=gcc
ac_cv_prog_cc_c89=
ac_cv_prog_cc_g=yes
ac_cv_prog_has_gcc=yes
ac_cv_prog_make_make_set=yes
ac_cv_safe_to_define___extensions__=yes
ac_cv_sizeof_long=8
ac_cv_type_signal=void

## ----------------- ##
## Output variables. ##
## ----------------- ##

CC='gcc'
CFLAGS=' -O3 -fno-strict-aliasing  -Wall -pipe '
CPP='gcc -E'
CPPFLAGS=''
CROSS_SIMULATOR=''
CXX=''
CXXFLAGS=''
DEFS='-DHAVE_CONFIG_H'
DLLTYPE='nodll'
DYNMOD_LDFLAGS='-shared'
DYNMOD_SHAREDLIB_EXTENSION='so'
ECHO_C=''
ECHO_N='-n'
ECHO_T=''
EGREP='/bin/grep -E'
EXEEXT=''
GPPCFLAGS=''
GPPWNTFLAG=''
GREP='/bin/grep'
INSTALL_DATA='${INSTALL} -m 644'
INSTALL_PROGRAM='${INSTALL}'
INSTALL_SCRIPT='${INSTALL}'
INTERPROLOGOBJ=''
INTERPROLOGSRC=''
JAVA_HEADER_PATH=''
JAVA_PLATFORM_HEADER_PATH=''
LD='gcc'
LDFLAGS='  -lm -ldl -Wl,-export-dynamic -lpthread'
LIBOBJS=''
LIBS=' -lpthread -lnsl -ldl -lm '
LTLIBOBJS=''
MEMFLAG=''
OBJEXT='o'
ODBCOBJ=''
ODBCSRC=''
PACKAGE_BUGREPORT=''
PACKAGE_NAME=''
PACKAGE_STRING=''
PACKAGE_TARNAME=''
PACKAGE_URL=''
PACKAGE_VERSION=''
PATH_SEPARATOR=':'
SET_MAKE=''
SHELL='/bin/sh'
XASPDEFFILE=''
XASPLIBNAME=''
XSBMOD_LDFLAGS=' -nodefaultlibs -nostartfiles '
XSB_INTERPROLOG=''
ac_ct_CC='gcc'
ac_ct_CXX=''
arch_bindir='/home/ken/research/qdbm/XSB/config/x86_64-unknown-linux-gnu/bin'
arch_config_file='/home/ken/research/qdbm/XSB/config/x86_64-unknown-linux-gnu/lib/xsb_configuration.P'
arch_config_prefix='/home/ken/research/qdbm/XSB/config/x86_64-unknown-linux-gnu'
arch_install_config_prefix='/home/ken/research/qdbm/XSB/config/x86_64-unknown-linux-gnu'
bindir='${exec_prefix}/bin'
build='x86_64-unknown-linux-gnu'
build_alias=''
build_cpu='x86_64'
build_os='linux-gnu'
build_vendor='unknown'
builtinsCFLAGS=' -O3 -fno-strict-aliasing  -Wall -pipe '
canonical='x86_64-unknown-linux-gnu'
compile_mode='optimal'
config_ln_command='ln -s '
config_tag=''
datadir='${datarootdir}'
datarootdir='${prefix}/share'
docdir='${datarootdir}/doc/${PACKAGE}'
dvidir='${docdir}'
emuloopCFLAGS=' -O3 -fno-strict-aliasing  -Wall -pipe '
emumake_goal='xsb'
engine_mode='slg-wam'
exec_prefix='${prefix}'
full_config_name='x86_64-unknown-linux-gnu'
has_gcc='yes'
host='x86_64-unknown-linux-gnu'
host_alias=''
host_cpu='x86_64'
host_os='linux-gnu'
host_vendor='unknown'
htmldir='${docdir}'
includedir='${prefix}/include'
infodir='${datarootdir}/info'
itkwish_path='no'
java_compiler=''
java_path='./include'
libdir='/home/ken/research/qdbm/XSB/lib'
libexecdir='${exec_prefix}/libexec'
loaderCFLAGS=' -O3 -fno-strict-aliasing  -Wall -pipe '
localedir='${datarootdir}/locale'
localstatedir='${prefix}/var'
mandir='${datarootdir}/man'
mno_cyg_inclib=''
mno_cyg_lib=''
mt_mode=''
oldincludedir='/usr/include'
os_type='linux-gnu'
os_version=''
pdfdir='${docdir}'
prefix='/home/ken/research/qdbm/XSB'
program_transform_name='s,x,x,'
psdir='${docdir}'
regmatch_support='yes'
release_day='2'
release_month='1'
release_monthname='January'
release_year='2012'
sbindir='${exec_prefix}/sbin'
sharedstatedir='${prefix}/com'
site_prefix='/home/ken/research/qdbm/XSB/site'
smoCFLAGS=''
smoLDFLAGS=''
smoLIB=''
smodels_goal='nope'
sysconfdir='${prefix}/etc'
target_alias=''
topdir='/home/ken/research/qdbm/XSB'
trutilsCFLAGS=' -O3 -fno-strict-aliasing  -Wall -pipe '
wildmatch_support='yes'
with_smodels=''
word_size='64'
xsb_beta_version=''
xsb_build_date='Thu May 17 09:27:15 EDT 2012'
xsb_codename='Pignoletto'
xsb_full_version_name='3.3.6 (Pignoletto)'
xsb_major_version='3'
xsb_minor_version='3'
xsb_obj_extension='.xwam'
xsb_patch_date='Patch date: 2012/01/09 03:50:32'
xsb_patch_version='6'
xsb_release_date='2012-01-02'
xsb_scheduling_strategy='local'
xsb_version='3.3.6'

## ----------- ##
## confdefs.h. ##
## ----------- ##

/* confdefs.h */
#define PACKAGE_NAME ""
#define PACKAGE_TARNAME ""
#define PACKAGE_VERSION ""
#define PACKAGE_STRING ""
#define PACKAGE_BUGREPORT ""
#define PACKAGE_URL ""
#define CONFIG_INCLUDED 1
#define ___ALWAYS_TRUE___ 1
#define XSB_VERSION "3.3.6 (Pignoletto)"
#define RELEASE_DATE 2012-01-02
#define RELEASE_YEAR 2012
#define RELEASE_MONTH 1
#define RELEASE_DAY 2
#define LOCAL_EVAL 1
#define GC 1
#define SLG_GC 1
#define STDC_HEADERS 1
#define HAVE_SYS_TYPES_H 1
#define HAVE_SYS_STAT_H 1
#define HAVE_STDLIB_H 1
#define HAVE_STRING_H 1
#define HAVE_MEMORY_H 1
#define HAVE_STRINGS_H 1
#define HAVE_INTTYPES_H 1
#define HAVE_STDINT_H 1
#define HAVE_UNISTD_H 1
#define __EXTENSIONS__ 1
#define _ALL_SOURCE 1
#define _GNU_SOURCE 1
#define _POSIX_PTHREAD_SEMANTICS 1
#define _TANDEM_SOURCE 1
#define CC "gcc"
#define SIZEOF_LONG 8
#define BITS64 1
#define HAVE_LIBM 1
#define HAVE_LIBDL 1
#define HAVE_LIBNSL 1
#define HAVE_LIBPTHREAD 1
#define HAVE_STDARG_H 1
#define HAVE_SYS_TIME_H 1
#define TIME_WITH_SYS_TIME 1
#define HAVE_SYS_RESOURCE_H 1
#define HAVE_MALLOC 1
#define HAVE_UNISTD_H 1
#define HAVE_STRING_H 1
#define HAVE_STDLIB_H 1
#define RETSIGTYPE void
#define HAVE_STRDUP 1
#define HAVE_MKDIR 1
#define HAVE_GETHOSTBYNAME 1
#define HAVE_GETTIMEOFDAY 1
#define HAVE_SOCKET 1
#define HAVE_SNPRINTF 1
#define HAVE_REGEXEC 1
#define HAVE_REGERROR 1
#define HAVE_REGCOMP 1
#define HAVE_FNMATCH 1
#define HAVE_GLOB 1
#define HAVE_GLOBFREE 1
#define HAVE_EXECVP 1
#define JUMPTABLE_EMULOOP 1
#define INSN_BLOCKS 1
#define LINUX 1
#define _GNU_SOURCE 1
#define LINUX_ELF 1
#define FOREIGN_ELF 1
#define CONFIGURATION "x86_64-unknown-linux-gnu"
#define FULL_CONFIG_NAME "x86_64-unknown-linux-gnu"

configure: exit 0
