This file contains any messages produced by compilers while
running configure, to aid debugging if configure makes a mistake.

It was created by qdbm-plus configure 1.0.0, which was
generated by GNU Autoconf 2.65.  Invocation command line was

  $ ./configure 

## --------- ##
## Platform. ##
## --------- ##

hostname = KKMBP.local
uname -m = i386
uname -r = 10.8.0
uname -s = Darwin
uname -v = Darwin Kernel Version 10.8.0: Tue Jun  7 16:33:36 PDT 2011; root:xnu-1504.15.3~1/RELEASE_I386

/usr/bin/uname -p = i386
/bin/uname -X     = unknown

/bin/arch              = unknown
/usr/bin/arch -k       = unknown
/usr/convex/getsysinfo = unknown
/usr/bin/hostinfo      = Mach kernel version:
	 Darwin Kernel Version 10.8.0: Tue Jun  7 16:33:36 PDT 2011; root:xnu-1504.15.3~1/RELEASE_I386
Kernel configured for up to 2 processors.
2 processors are physically available.
2 processors are logically available.
Processor type: i486 (Intel 80486)
Processors active: 0 1
Primary memory available: 4.00 gigabytes
Default processor set: 118 tasks, 496 threads, 2 processors
Load average: 1.30, Mach factor: 0.69
/bin/machine           = unknown
/usr/bin/oslevel       = unknown
/bin/universe          = unknown

PATH: /opt/local/bin
PATH: /opt/local/sbin
PATH: /usr/bin
PATH: /bin
PATH: /usr/sbin
PATH: /sbin
PATH: /usr/local/bin
PATH: /usr/local/git/bin
PATH: /usr/local/MacGPG2/bin
PATH: /usr/X11/bin


## ----------- ##
## Core tests. ##
## ----------- ##

configure:1910: checking for gcc
configure:1926: found /usr/bin/gcc
configure:1937: result: gcc
configure:2166: checking for C compiler version
configure:2175: gcc --version >&5
i686-apple-darwin10-gcc-4.2.1 (GCC) 4.2.1 (Apple Inc. build 5666) (dot 3)
Copyright (C) 2007 Free Software Foundation, Inc.
This is free software; see the source for copying conditions.  There is NO
warranty; not even for MERCHANTABILITY or FITNESS FOR A PARTICULAR PURPOSE.

configure:2186: $? = 0
configure:2175: gcc -v >&5
Using built-in specs.
Target: i686-apple-darwin10
Configured with: /var/tmp/gcc/gcc-5666.3~6/src/configure --disable-checking --enable-werror --prefix=/usr --mandir=/share/man --enable-languages=c,objc,c++,obj-c++ --program-transform-name=/^[cg][^.-]*$/s/$/-4.2/ --with-slibdir=/usr/lib --build=i686-apple-darwin10 --program-prefix=i686-apple-darwin10- --host=x86_64-apple-darwin10 --target=i686-apple-darwin10 --with-gxx-include-dir=/include/c++/4.2.1
Thread model: posix
gcc version 4.2.1 (Apple Inc. build 5666) (dot 3)
configure:2186: $? = 0
configure:2175: gcc -V >&5
gcc-4.2: argument to `-V' is missing
configure:2186: $? = 1
configure:2175: gcc -qversion >&5
i686-apple-darwin10-gcc-4.2.1: no input files
configure:2186: $? = 1
configure:2206: checking whether the C compiler works
configure:2228: gcc    conftest.c  >&5
configure:2232: $? = 0
configure:2281: result: yes
configure:2284: checking for C compiler default output file name
configure:2286: result: a.out
configure:2292: checking for suffix of executables
configure:2299: gcc -o conftest    conftest.c  >&5
configure:2303: $? = 0
configure:2325: result: 
configure:2347: checking whether we are cross compiling
configure:2355: gcc -o conftest    conftest.c  >&5
configure:2359: $? = 0
configure:2366: ./conftest
configure:2370: $? = 0
configure:2385: result: no
configure:2390: checking for suffix of object files
configure:2412: gcc -c   conftest.c >&5
configure:2416: $? = 0
configure:2437: result: o
configure:2441: checking whether we are using the GNU C compiler
configure:2460: gcc -c   conftest.c >&5
configure:2460: $? = 0
configure:2469: result: yes
configure:2478: checking whether gcc accepts -g
configure:2498: gcc -c -g  conftest.c >&5
configure:2498: $? = 0
configure:2539: result: yes
configure:2556: checking for gcc option to accept ISO C89
configure:2620: gcc  -c -g -O2  conftest.c >&5
configure:2620: $? = 0
configure:2633: result: none needed
configure:2713: checking for g++
configure:2729: found /usr/bin/g++
configure:2740: result: g++
configure:2767: checking for C++ compiler version
configure:2776: g++ --version >&5
i686-apple-darwin10-g++-4.2.1 (GCC) 4.2.1 (Apple Inc. build 5666) (dot 3)
Copyright (C) 2007 Free Software Foundation, Inc.
This is free software; see the source for copying conditions.  There is NO
warranty; not even for MERCHANTABILITY or FITNESS FOR A PARTICULAR PURPOSE.

configure:2787: $? = 0
configure:2776: g++ -v >&5
Using built-in specs.
Target: i686-apple-darwin10
Configured with: /var/tmp/gcc/gcc-5666.3~6/src/configure --disable-checking --enable-werror --prefix=/usr --mandir=/share/man --enable-languages=c,objc,c++,obj-c++ --program-transform-name=/^[cg][^.-]*$/s/$/-4.2/ --with-slibdir=/usr/lib --build=i686-apple-darwin10 --program-prefix=i686-apple-darwin10- --host=x86_64-apple-darwin10 --target=i686-apple-darwin10 --with-gxx-include-dir=/include/c++/4.2.1
Thread model: posix
gcc version 4.2.1 (Apple Inc. build 5666) (dot 3)
configure:2787: $? = 0
configure:2776: g++ -V >&5
g++-4.2: argument to `-V' is missing
configure:2787: $? = 1
configure:2776: g++ -qversion >&5
i686-apple-darwin10-g++-4.2.1: no input files
configure:2787: $? = 1
configure:2791: checking whether we are using the GNU C++ compiler
configure:2810: g++ -c   conftest.cpp >&5
configure:2810: $? = 0
configure:2819: result: yes
configure:2828: checking whether g++ accepts -g
configure:2848: g++ -c -g  conftest.cpp >&5
configure:2848: $? = 0
configure:2889: result: yes
configure:2966: checking for main in -lc
configure:2985: gcc -o conftest -g -O2   conftest.c -lc   >&5
configure:2985: $? = 0
configure:2994: result: yes
configure:3005: checking for main in -lrt
configure:3024: gcc -o conftest -g -O2   conftest.c -lrt  -lc  >&5
ld: library not found for -lrt
collect2: ld returned 1 exit status
configure:3024: $? = 1
configure: failed program was:
| /* confdefs.h */
| #define PACKAGE_NAME "qdbm-plus"
| #define PACKAGE_TARNAME "qdbm-plus"
| #define PACKAGE_VERSION "1.0.0"
| #define PACKAGE_STRING "qdbm-plus 1.0.0"
| #define PACKAGE_BUGREPORT ""
| #define PACKAGE_URL ""
| #define HAVE_LIBC 1
| /* end confdefs.h.  */
| 
| 
| int
| main ()
| {
| return main ();
|   ;
|   return 0;
| }
configure:3033: result: no
configure:3044: checking for main in -lpthread
configure:3063: gcc -o conftest -g -O2   conftest.c -lpthread  -lc  >&5
configure:3063: $? = 0
configure:3072: result: yes
configure:3083: checking for main in -lz
configure:3102: gcc -o conftest -g -O2   conftest.c -lz  -lpthread -lc  >&5
configure:3102: $? = 0
configure:3111: result: yes
configure:3122: checking for main in -llzo2
configure:3141: gcc -o conftest -g -O2   conftest.c -llzo2  -lz -lpthread -lc  >&5
configure:3141: $? = 0
configure:3150: result: yes
configure:3161: checking for main in -lbz2
configure:3180: gcc -o conftest -g -O2   conftest.c -lbz2  -llzo2 -lz -lpthread -lc  >&5
configure:3180: $? = 0
configure:3189: result: yes
configure:3200: checking for main in -liconv
configure:3219: gcc -o conftest -g -O2   conftest.c -liconv  -lbz2 -llzo2 -lz -lpthread -lc  >&5
configure:3219: $? = 0
configure:3228: result: yes
configure:3239: checking for main in -lstdc++
configure:3258: gcc -o conftest -g -O2   conftest.c -lstdc++  -liconv -lbz2 -llzo2 -lz -lpthread -lc  >&5
configure:3258: $? = 0
configure:3267: result: yes
configure:3280: checking for main in -lqdbm
configure:3299: gcc -o conftest -g -O2   conftest.c -lqdbm  -lstdc++ -liconv -lbz2 -llzo2 -lz -lpthread -lc  >&5
configure:3299: $? = 0
configure:3308: result: yes
configure:3335: checking for main in -lxqdbm
configure:3354: gcc -o conftest -g -O2   conftest.c -lxqdbm  -lstdc++ -liconv -lbz2 -llzo2 -lz -lpthread -lc  >&5
ld: library not found for -lxqdbm
collect2: ld returned 1 exit status
configure:3354: $? = 1
configure: failed program was:
| /* confdefs.h */
| #define PACKAGE_NAME "qdbm-plus"
| #define PACKAGE_TARNAME "qdbm-plus"
| #define PACKAGE_VERSION "1.0.0"
| #define PACKAGE_STRING "qdbm-plus 1.0.0"
| #define PACKAGE_BUGREPORT ""
| #define PACKAGE_URL ""
| #define HAVE_LIBC 1
| #define HAVE_LIBPTHREAD 1
| #define HAVE_LIBZ 1
| #define HAVE_LIBLZO2 1
| #define HAVE_LIBBZ2 1
| #define HAVE_LIBICONV 1
| #define HAVE_LIBSTDC__ 1
| /* end confdefs.h.  */
| 
| 
| int
| main ()
| {
| return main ();
|   ;
|   return 0;
| }
configure:3363: result: no
configure:3532: creating ./config.status

## ---------------------- ##
## Running config.status. ##
## ---------------------- ##

This file was extended by qdbm-plus config.status 1.0.0, which was
generated by GNU Autoconf 2.65.  Invocation command line was

  CONFIG_FILES    = 
  CONFIG_HEADERS  = 
  CONFIG_LINKS    = 
  CONFIG_COMMANDS = 
  $ ./config.status 

on KKMBP.local

config.status:732: creating Makefile
config.status:831: WARNING:  'Makefile.in' seems to ignore the --datarootdir setting

## ---------------- ##
## Cache variables. ##
## ---------------- ##

ac_cv_c_compiler_gnu=yes
ac_cv_cxx_compiler_gnu=yes
ac_cv_env_CCC_set=
ac_cv_env_CCC_value=
ac_cv_env_CC_set=
ac_cv_env_CC_value=
ac_cv_env_CFLAGS_set=
ac_cv_env_CFLAGS_value=
ac_cv_env_CPPFLAGS_set=
ac_cv_env_CPPFLAGS_value=
ac_cv_env_CXXFLAGS_set=
ac_cv_env_CXXFLAGS_value=
ac_cv_env_CXX_set=
ac_cv_env_CXX_value=
ac_cv_env_LDFLAGS_set=
ac_cv_env_LDFLAGS_value=
ac_cv_env_LIBS_set=
ac_cv_env_LIBS_value=
ac_cv_env_build_alias_set=
ac_cv_env_build_alias_value=
ac_cv_env_host_alias_set=
ac_cv_env_host_alias_value=
ac_cv_env_target_alias_set=
ac_cv_env_target_alias_value=
ac_cv_lib_bz2_main=yes
ac_cv_lib_c_main=yes
ac_cv_lib_iconv_main=yes
ac_cv_lib_lzo2_main=yes
ac_cv_lib_pthread_main=yes
ac_cv_lib_qdbm_main=yes
ac_cv_lib_rt_main=no
ac_cv_lib_stdcpp_main=yes
ac_cv_lib_xqdbm_main=no
ac_cv_lib_z_main=yes
ac_cv_objext=o
ac_cv_prog_ac_ct_CC=gcc
ac_cv_prog_ac_ct_CXX=g++
ac_cv_prog_cc_c89=
ac_cv_prog_cc_g=yes
ac_cv_prog_cxx_g=yes

## ----------------- ##
## Output variables. ##
## ----------------- ##

AR='/usr/bin/ar'
CC='gcc'
CFLAGS='-g -O2'
CPPFLAGS=''
CXX='g++'
CXXFLAGS='-g -O2'
DEFS='-DPACKAGE_NAME=\"qdbm-plus\" -DPACKAGE_TARNAME=\"qdbm-plus\" -DPACKAGE_VERSION=\"1.0.0\" -DPACKAGE_STRING=\"qdbm-plus\ 1.0.0\" -DPACKAGE_BUGREPORT=\"\" -DPACKAGE_URL=\"\" -DHAVE_LIBC=1 -DHAVE_LIBPTHREAD=1 -DHAVE_LIBZ=1 -DHAVE_LIBLZO2=1 -DHAVE_LIBBZ2=1 -DHAVE_LIBICONV=1 -DHAVE_LIBSTDC__=1'
ECHO_C='\c'
ECHO_N=''
ECHO_T=''
EXEEXT=''
LD='/usr/bin/ld'
LDFLAGS=''
LIBOBJS=''
LIBREV='0'
LIBS='-lstdc++ -liconv -lbz2 -llzo2 -lz -lpthread -lc '
LIBVER='3'
LTLIBOBJS=''
MYDEFS=''
MYOPTS=''
OBJEXT='o'
PACKAGE_BUGREPORT=''
PACKAGE_NAME='qdbm-plus'
PACKAGE_STRING='qdbm-plus 1.0.0'
PACKAGE_TARNAME='qdbm-plus'
PACKAGE_URL=''
PACKAGE_VERSION='1.0.0'
PATH_SEPARATOR=':'
SHELL='/bin/sh'
TARGETS='all'
ac_ct_CC='gcc'
ac_ct_CXX='g++'
bindir='${exec_prefix}/bin'
build_alias=''
datadir='${datarootdir}'
datarootdir='${prefix}/share'
docdir='${datarootdir}/doc/${PACKAGE_TARNAME}'
dvidir='${docdir}'
exec_prefix='${prefix}'
host_alias=''
htmldir='${docdir}'
includedir='${prefix}/include'
infodir='${datarootdir}/info'
libdir='${exec_prefix}/lib'
libexecdir='${exec_prefix}/libexec'
localedir='${datarootdir}/locale'
localstatedir='${prefix}/var'
mandir='${datarootdir}/man'
oldincludedir='/usr/include'
pdfdir='${docdir}'
prefix='/usr/local'
program_transform_name='s,x,x,'
psdir='${docdir}'
sbindir='${exec_prefix}/sbin'
sharedstatedir='${prefix}/com'
sysconfdir='${prefix}/etc'
target_alias=''

## ----------- ##
## confdefs.h. ##
## ----------- ##

/* confdefs.h */
#define PACKAGE_NAME "qdbm-plus"
#define PACKAGE_TARNAME "qdbm-plus"
#define PACKAGE_VERSION "1.0.0"
#define PACKAGE_STRING "qdbm-plus 1.0.0"
#define PACKAGE_BUGREPORT ""
#define PACKAGE_URL ""
#define HAVE_LIBC 1
#define HAVE_LIBPTHREAD 1
#define HAVE_LIBZ 1
#define HAVE_LIBLZO2 1
#define HAVE_LIBBZ2 1
#define HAVE_LIBICONV 1
#define HAVE_LIBSTDC__ 1

configure: exit 0
